#
# There is insufficient memory for the Java Runtime Environment to continue.
# Native memory allocation (mmap) failed to map 170393600 bytes for committing reserved memory.
# Possible reasons:
#   The system is out of physical RAM or swap space
#   In 32 bit mode, the process size limit was hit
# Possible solutions:
#   Reduce memory load on the system
#   Increase physical memory or swap space
#   Check if swap backing store is full
#   Use 64 bit Java on a 64 bit OS
#   Decrease Java heap size (-Xmx/-Xms)
#   Decrease number of Java threads
#   Decrease Java thread stack sizes (-Xss)
#   Set larger code cache with -XX:ReservedCodeCacheSize=
# This output file may be truncated or incomplete.
#
#  Out of Memory Error (os_linux.cpp:2640), pid=16313, tid=0x00007fc872ded700
#
# JRE version: Java(TM) SE Runtime Environment (8.0_172-b11) (build 1.8.0_172-b11)
# Java VM: Java HotSpot(TM) 64-Bit Server VM (25.172-b11 mixed mode linux-amd64 compressed oops)
# Failed to write core dump. Core dumps have been disabled. To enable core dumping, try "ulimit -c unlimited" before starting Java again
#

---------------  T H R E A D  ---------------

Current thread (0x00007fc89416a800):  VMThread [stack: 0x00007fc872ced000,0x00007fc872dee000] [id=16325]

Stack: [0x00007fc872ced000,0x00007fc872dee000],  sp=0x00007fc872dec100,  free space=1020k
Native frames: (J=compiled Java code, j=interpreted, Vv=VM code, C=native code)
V  [libjvm.so+0xad221a]  VMError::report_and_die()+0x2ba
V  [libjvm.so+0x50185b]  report_vm_out_of_memory(char const*, int, unsigned long, VMErrorType, char const*)+0x8b
V  [libjvm.so+0x92fee3]  os::Linux::commit_memory_impl(char*, unsigned long, bool)+0x123
V  [libjvm.so+0x930109]  os::pd_commit_memory(char*, unsigned long, unsigned long, bool)+0x29
V  [libjvm.so+0x9273ca]  os::commit_memory(char*, unsigned long, unsigned long, bool)+0x2a
V  [libjvm.so+0x99d363]  PSVirtualSpace::expand_by(unsigned long)+0x53
V  [libjvm.so+0x99e768]  PSYoungGen::resize_generation(unsigned long, unsigned long)+0xf8
V  [libjvm.so+0x99d8c2]  PSYoungGen::resize(unsigned long, unsigned long)+0x22
V  [libjvm.so+0x99ab9b]  PSScavenge::invoke_no_policy()+0xf3b
V  [libjvm.so+0x995e45]  PSParallelCompact::invoke(bool)+0x85
V  [libjvm.so+0x488384]  CollectedHeap::collect_as_vm_thread(GCCause::Cause)+0x114
V  [libjvm.so+0xad36a1]  VM_CollectForMetadataAllocation::doit()+0x161
V  [libjvm.so+0xadb7b5]  VM_Operation::evaluate()+0x55
V  [libjvm.so+0xad9b7a]  VMThread::evaluate_operation(VM_Operation*)+0xba
V  [libjvm.so+0xad9efe]  VMThread::loop()+0x1ce
V  [libjvm.so+0xada370]  VMThread::run()+0x70
V  [libjvm.so+0x930248]  java_start(Thread*)+0x108

VM_Operation (0x00007fc82e7bf070): CollectForMetadataAllocation, mode: safepoint, requested by thread 0x00007fc895c90000


---------------  P R O C E S S  ---------------

Java Threads: ( => current thread )
  0x00007fc894013800 JavaThread "DestroyJavaVM" [_thread_blocked, id=16319, stack(0x00007fc89c318000,0x00007fc89c419000)]
  0x00007fc895c91000 JavaThread "http-nio-8080-AsyncTimeout" daemon [_thread_blocked, id=16370, stack(0x00007fc82e5c2000,0x00007fc82e6c3000)]
  0x00007fc895c90000 JavaThread "http-nio-8080-Acceptor-0" daemon [_thread_blocked, id=16369, stack(0x00007fc82e6c3000,0x00007fc82e7c4000)]
  0x00007fc895c8c000 JavaThread "http-nio-8080-ClientPoller-1" daemon [_thread_blocked, id=16368, stack(0x00007fc82e7c4000,0x00007fc82e8c5000)]
  0x00007fc895c71000 JavaThread "http-nio-8080-ClientPoller-0" daemon [_thread_blocked, id=16367, stack(0x00007fc82e8c5000,0x00007fc82e9c6000)]
  0x00007fc895859800 JavaThread "http-nio-8080-exec-10" daemon [_thread_blocked, id=16366, stack(0x00007fc82e9c6000,0x00007fc82eac7000)]
  0x00007fc895857800 JavaThread "http-nio-8080-exec-9" daemon [_thread_blocked, id=16365, stack(0x00007fc82eac7000,0x00007fc82ebc8000)]
  0x00007fc895856000 JavaThread "http-nio-8080-exec-8" daemon [_thread_blocked, id=16364, stack(0x00007fc82ebc8000,0x00007fc82ecc9000)]
  0x00007fc895854000 JavaThread "http-nio-8080-exec-7" daemon [_thread_blocked, id=16363, stack(0x00007fc82ecc9000,0x00007fc82edca000)]
  0x00007fc895852000 JavaThread "http-nio-8080-exec-6" daemon [_thread_blocked, id=16362, stack(0x00007fc82edca000,0x00007fc82eecb000)]
  0x00007fc895850000 JavaThread "http-nio-8080-exec-5" daemon [_thread_blocked, id=16361, stack(0x00007fc82eecb000,0x00007fc82efcc000)]
  0x00007fc89584e000 JavaThread "http-nio-8080-exec-4" daemon [_thread_blocked, id=16360, stack(0x00007fc82efcc000,0x00007fc82f0cd000)]
  0x00007fc89584c800 JavaThread "http-nio-8080-exec-3" daemon [_thread_blocked, id=16359, stack(0x00007fc82f0cd000,0x00007fc82f1ce000)]
  0x00007fc89584b000 JavaThread "http-nio-8080-exec-2" daemon [_thread_blocked, id=16358, stack(0x00007fc82f1ce000,0x00007fc82f2cf000)]
  0x00007fc895847000 JavaThread "http-nio-8080-exec-1" daemon [_thread_blocked, id=16357, stack(0x00007fc82f2cf000,0x00007fc82f3d0000)]
  0x00007fc895845000 JavaThread "NioBlockingSelector.BlockPoller-1" daemon [_thread_blocked, id=16356, stack(0x00007fc8303fb000,0x00007fc8304fc000)]
  0x00007fc895fbc000 JavaThread "HikariPool-1 housekeeper" daemon [_thread_blocked, id=16350, stack(0x00007fc8306fc000,0x00007fc8307fd000)]
  0x00007fc895e91000 JavaThread "Abandoned connection cleanup thread" daemon [_thread_blocked, id=16349, stack(0x00007fc8309fd000,0x00007fc830afe000)]
  0x00007fc895e45800 JavaThread "container-0" [_thread_blocked, id=16348, stack(0x00007fc830afe000,0x00007fc830bff000)]
  0x00007fc895e50000 JavaThread "ContainerBackgroundProcessor[StandardEngine[Tomcat]]" daemon [_thread_blocked, id=16347, stack(0x00007fc870084000,0x00007fc870185000)]
  0x00007fc894761800 JavaThread "Service Thread" daemon [_thread_blocked, id=16341, stack(0x00007fc871e47000,0x00007fc871f48000)]
  0x00007fc89475c000 JavaThread "C1 CompilerThread2" daemon [_thread_blocked, id=16340, stack(0x00007fc871f48000,0x00007fc872049000)]
  0x00007fc89475a800 JavaThread "C2 CompilerThread1" daemon [_thread_blocked, id=16339, stack(0x00007fc872049000,0x00007fc87214a000)]
  0x00007fc894759800 JavaThread "C2 CompilerThread0" daemon [_thread_blocked, id=16338, stack(0x00007fc87214a000,0x00007fc87224b000)]
  0x00007fc858001000 JavaThread "JDWP Command Reader" daemon [_thread_in_native, id=16334, stack(0x00007fc8724e3000,0x00007fc8725e4000)]
  0x00007fc8941bc000 JavaThread "JDWP Event Helper Thread" daemon [_thread_blocked, id=16332, stack(0x00007fc8725e4000,0x00007fc8726e5000)]
  0x00007fc8941b8800 JavaThread "JDWP Transport Listener: dt_socket" daemon [_thread_blocked, id=16330, stack(0x00007fc8726e5000,0x00007fc8727e6000)]
  0x00007fc8941a9000 JavaThread "Signal Dispatcher" daemon [_thread_blocked, id=16328, stack(0x00007fc8729ea000,0x00007fc872aeb000)]
  0x00007fc894176800 JavaThread "Finalizer" daemon [_thread_blocked, id=16327, stack(0x00007fc872aeb000,0x00007fc872bec000)]
  0x00007fc894174000 JavaThread "Reference Handler" daemon [_thread_blocked, id=16326, stack(0x00007fc872bec000,0x00007fc872ced000)]

Other Threads:
=>0x00007fc89416a800 VMThread [stack: 0x00007fc872ced000,0x00007fc872dee000] [id=16325]
  0x00007fc8947b3800 WatcherThread [stack: 0x00007fc871d46000,0x00007fc871e47000] [id=16342]

VM state:at safepoint (normal execution)

VM Mutex/Monitor currently owned by a thread:  ([mutex/lock_event])
[0x00007fc89400fa30] Threads_lock - owner thread: 0x00007fc89416a800
[0x00007fc89400ff30] Heap_lock - owner thread: 0x00007fc895c90000

Heap:
 PSYoungGen      total 420864K, used 3248K [0x00000000d7700000, 0x00000000f2700000, 0x0000000100000000)
  eden space 399872K, 0% used [0x00000000d7700000,0x00000000d7700000,0x00000000efd80000)
  from space 20992K, 15% used [0x00000000efe00000,0x00000000f012c140,0x00000000f1280000)
  to   space 14848K, 0% used [0x00000000f1880000,0x00000000f1880000,0x00000000f2700000)
 ParOldGen       total 87040K, used 37153K [0x0000000086400000, 0x000000008b900000, 0x00000000d7700000)
  object space 87040K, 42% used [0x0000000086400000,0x0000000088848640,0x000000008b900000)
 Metaspace       used 56530K, capacity 58958K, committed 59008K, reserved 1099776K
  class space    used 7363K, capacity 7790K, committed 7808K, reserved 1048576K

Card table byte_map: [0x00007fc8983b9000,0x00007fc898788000] byte_map_base: 0x00007fc897f87000

Marking Bits: (ParMarkBitMap*) 0x00007fc89b7e3de0
 Begin Bits: [0x00007fc880f1c000, 0x00007fc882d8c000)
 End Bits:   [0x00007fc882d8c000, 0x00007fc884bfc000)

Polling page: 0x00007fc89c434000

CodeCache: size=245760Kb used=18700Kb max_used=18942Kb free=227059Kb
 bounds [0x00007fc885000000, 0x00007fc8862a0000, 0x00007fc894000000]
 total_blobs=5747 nmethods=5213 adapters=455
 compilation: enabled

Compilation events (10 events):
Event: 21.539 Thread 0x00007fc89475c000 nmethod 5825 0x00007fc88528e510 code [0x00007fc88528e6a0, 0x00007fc88528e988]
Event: 22.497 Thread 0x00007fc894759800 nmethod 5824 0x00007fc886290610 code [0x00007fc886290ac0, 0x00007fc886295958]
Event: 31.223 Thread 0x00007fc89475c000 5827   !   3       java.lang.Thread::blockedOn (23 bytes)
Event: 31.274 Thread 0x00007fc89475c000 nmethod 5827 0x00007fc885378450 code [0x00007fc8853785c0, 0x00007fc8853788f0]
Event: 31.277 Thread 0x00007fc89475c000 5826       3       java.lang.System$2::blockedOn (6 bytes)
Event: 31.277 Thread 0x00007fc89475c000 nmethod 5826 0x00007fc885340a50 code [0x00007fc885340bc0, 0x00007fc885340fd0]
Event: 31.278 Thread 0x00007fc89475c000 5828       3       java.nio.channels.spi.AbstractInterruptibleChannel::blockedOn (13 bytes)
Event: 31.278 Thread 0x00007fc89475c000 nmethod 5828 0x00007fc885595f90 code [0x00007fc885596120, 0x00007fc885596630]
Event: 32.918 Thread 0x00007fc89475c000 5829       3       java.lang.ThreadLocal::setInitialValue (36 bytes)
Event: 33.066 Thread 0x00007fc89475c000 nmethod 5829 0x00007fc8852bc6d0 code [0x00007fc8852bc880, 0x00007fc8852bcd38]

GC Heap History (10 events):
Event: 4.912 GC heap after
Heap after GC invocations=10 (full 1):
 PSYoungGen      total 250368K, used 12769K [0x00000000d7700000, 0x00000000ec700000, 0x0000000100000000)
  eden space 237568K, 0% used [0x00000000d7700000,0x00000000d7700000,0x00000000e5f00000)
  from space 12800K, 99% used [0x00000000e5f00000,0x00000000e6b78788,0x00000000e6b80000)
  to   space 15872K, 0% used [0x00000000eb780000,0x00000000eb780000,0x00000000ec700000)
 ParOldGen       total 48128K, used 17792K [0x0000000086400000, 0x0000000089300000, 0x00000000d7700000)
  object space 48128K, 36% used [0x0000000086400000,0x0000000087560278,0x0000000089300000)
 Metaspace       used 26873K, capacity 27776K, committed 27904K, reserved 1073152K
  class space    used 3351K, capacity 3555K, committed 3584K, reserved 1048576K
}
Event: 6.968 GC heap before
{Heap before GC invocations=11 (full 1):
 PSYoungGen      total 250368K, used 220911K [0x00000000d7700000, 0x00000000ec700000, 0x0000000100000000)
  eden space 237568K, 87% used [0x00000000d7700000,0x00000000e4243588,0x00000000e5f00000)
  from space 12800K, 99% used [0x00000000e5f00000,0x00000000e6b78788,0x00000000e6b80000)
  to   space 15872K, 0% used [0x00000000eb780000,0x00000000eb780000,0x00000000ec700000)
 ParOldGen       total 48128K, used 17792K [0x0000000086400000, 0x0000000089300000, 0x00000000d7700000)
  object space 48128K, 36% used [0x0000000086400000,0x0000000087560278,0x0000000089300000)
 Metaspace       used 33913K, capacity 35286K, committed 35416K, reserved 1081344K
  class space    used 4286K, capacity 4558K, committed 4608K, reserved 1048576K
Event: 6.992 GC heap after
Heap after GC invocations=11 (full 1):
 PSYoungGen      total 324608K, used 15871K [0x00000000d7700000, 0x00000000ee500000, 0x0000000100000000)
  eden space 308736K, 0% used [0x00000000d7700000,0x00000000d7700000,0x00000000ea480000)
  from space 15872K, 99% used [0x00000000eb780000,0x00000000ec6ffc58,0x00000000ec700000)
  to   space 19456K, 0% used [0x00000000ea480000,0x00000000ea480000,0x00000000eb780000)
 ParOldGen       total 48128K, used 22284K [0x0000000086400000, 0x0000000089300000, 0x00000000d7700000)
  object space 48128K, 46% used [0x0000000086400000,0x00000000879c33d0,0x0000000089300000)
 Metaspace       used 33913K, capacity 35286K, committed 35416K, reserved 1081344K
  class space    used 4286K, capacity 4558K, committed 4608K, reserved 1048576K
}
Event: 6.992 GC heap before
{Heap before GC invocations=12 (full 2):
 PSYoungGen      total 324608K, used 15871K [0x00000000d7700000, 0x00000000ee500000, 0x0000000100000000)
  eden space 308736K, 0% used [0x00000000d7700000,0x00000000d7700000,0x00000000ea480000)
  from space 15872K, 99% used [0x00000000eb780000,0x00000000ec6ffc58,0x00000000ec700000)
  to   space 19456K, 0% used [0x00000000ea480000,0x00000000ea480000,0x00000000eb780000)
 ParOldGen       total 48128K, used 22284K [0x0000000086400000, 0x0000000089300000, 0x00000000d7700000)
  object space 48128K, 46% used [0x0000000086400000,0x00000000879c33d0,0x0000000089300000)
 Metaspace       used 33913K, capacity 35286K, committed 35416K, reserved 1081344K
  class space    used 4286K, capacity 4558K, committed 4608K, reserved 1048576K
Event: 7.112 GC heap after
Heap after GC invocations=12 (full 2):
 PSYoungGen      total 324608K, used 0K [0x00000000d7700000, 0x00000000ee500000, 0x0000000100000000)
  eden space 308736K, 0% used [0x00000000d7700000,0x00000000d7700000,0x00000000ea480000)
  from space 15872K, 0% used [0x00000000eb780000,0x00000000eb780000,0x00000000ec700000)
  to   space 19456K, 0% used [0x00000000ea480000,0x00000000ea480000,0x00000000eb780000)
 ParOldGen       total 87040K, used 26312K [0x0000000086400000, 0x000000008b900000, 0x00000000d7700000)
  object space 87040K, 30% used [0x0000000086400000,0x0000000087db2098,0x000000008b900000)
 Metaspace       used 33913K, capacity 35286K, committed 35416K, reserved 1081344K
  class space    used 4286K, capacity 4558K, committed 4608K, reserved 1048576K
}
Event: 9.664 GC heap before
{Heap before GC invocations=13 (full 2):
 PSYoungGen      total 324608K, used 308736K [0x00000000d7700000, 0x00000000ee500000, 0x0000000100000000)
  eden space 308736K, 100% used [0x00000000d7700000,0x00000000ea480000,0x00000000ea480000)
  from space 15872K, 0% used [0x00000000eb780000,0x00000000eb780000,0x00000000ec700000)
  to   space 19456K, 0% used [0x00000000ea480000,0x00000000ea480000,0x00000000eb780000)
 ParOldGen       total 87040K, used 26312K [0x0000000086400000, 0x000000008b900000, 0x00000000d7700000)
  object space 87040K, 30% used [0x0000000086400000,0x0000000087db2098,0x000000008b900000)
 Metaspace       used 45527K, capacity 47118K, committed 47488K, reserved 1091584K
  class space    used 5883K, capacity 6192K, committed 6272K, reserved 1048576K
Event: 9.681 GC heap after
Heap after GC invocations=13 (full 2):
 PSYoungGen      total 328192K, used 13122K [0x00000000d7700000, 0x00000000f2c80000, 0x0000000100000000)
  eden space 308736K, 0% used [0x00000000d7700000,0x00000000d7700000,0x00000000ea480000)
  from space 19456K, 67% used [0x00000000ea480000,0x00000000eb1508f0,0x00000000eb780000)
  to   space 20480K, 0% used [0x00000000f1880000,0x00000000f1880000,0x00000000f2c80000)
 ParOldGen       total 87040K, used 26328K [0x0000000086400000, 0x000000008b900000, 0x00000000d7700000)
  object space 87040K, 30% used [0x0000000086400000,0x0000000087db60a8,0x000000008b900000)
 Metaspace       used 45527K, capacity 47118K, committed 47488K, reserved 1091584K
  class space    used 5883K, capacity 6192K, committed 6272K, reserved 1048576K
}
Event: 12.465 GC heap before
{Heap before GC invocations=14 (full 2):
 PSYoungGen      total 328192K, used 321858K [0x00000000d7700000, 0x00000000f2c80000, 0x0000000100000000)
  eden space 308736K, 100% used [0x00000000d7700000,0x00000000ea480000,0x00000000ea480000)
  from space 19456K, 67% used [0x00000000ea480000,0x00000000eb1508f0,0x00000000eb780000)
  to   space 20480K, 0% used [0x00000000f1880000,0x00000000f1880000,0x00000000f2c80000)
 ParOldGen       total 87040K, used 26328K [0x0000000086400000, 0x000000008b900000, 0x00000000d7700000)
  object space 87040K, 30% used [0x0000000086400000,0x0000000087db60a8,0x000000008b900000)
 Metaspace       used 55041K, capacity 57382K, committed 57600K, reserved 1099776K
  class space    used 7167K, capacity 7590K, committed 7680K, reserved 1048576K
Event: 12.493 GC heap after
Heap after GC invocations=14 (full 2):
 PSYoungGen      total 414720K, used 14622K [0x00000000d7700000, 0x00000000f2700000, 0x0000000100000000)
  eden space 399872K, 0% used [0x00000000d7700000,0x00000000d7700000,0x00000000efd80000)
  from space 14848K, 98% used [0x00000000f1880000,0x00000000f26c78a8,0x00000000f2700000)
  to   space 20992K, 0% used [0x00000000efe00000,0x00000000efe00000,0x00000000f1280000)
 ParOldGen       total 87040K, used 31194K [0x0000000086400000, 0x000000008b900000, 0x00000000d7700000)
  object space 87040K, 35% used [0x0000000086400000,0x0000000088276a08,0x000000008b900000)
 Metaspace       used 55041K, capacity 57382K, committed 57600K, reserved 1099776K
  class space    used 7167K, capacity 7590K, committed 7680K, reserved 1048576K
}
Event: 35.438 GC heap before
{Heap before GC invocations=15 (full 2):
 PSYoungGen      total 414720K, used 151071K [0x00000000d7700000, 0x00000000f2700000, 0x0000000100000000)
  eden space 399872K, 34% used [0x00000000d7700000,0x00000000dfc40360,0x00000000efd80000)
  from space 14848K, 98% used [0x00000000f1880000,0x00000000f26c78a8,0x00000000f2700000)
  to   space 20992K, 0% used [0x00000000efe00000,0x00000000efe00000,0x00000000f1280000)
 ParOldGen       total 87040K, used 31194K [0x0000000086400000, 0x000000008b900000, 0x00000000d7700000)
  object space 87040K, 35% used [0x0000000086400000,0x0000000088276a08,0x000000008b900000)
 Metaspace       used 56530K, capacity 58958K, committed 59008K, reserved 1099776K
  class space    used 7363K, capacity 7790K, committed 7808K, reserved 1048576K

Deoptimization events (10 events):
Event: 13.722 Thread 0x00007fc894013800 Uncommon trap: reason=unhandled action=none pc=0x00007fc885e44090 method=java.net.URLClassLoader.findClass(Ljava/lang/String;)Ljava/lang/Class; @ 44
Event: 13.728 Thread 0x00007fc894013800 Uncommon trap: reason=unhandled action=none pc=0x00007fc885e44090 method=java.net.URLClassLoader.findClass(Ljava/lang/String;)Ljava/lang/Class; @ 44
Event: 13.730 Thread 0x00007fc894013800 Uncommon trap: reason=unhandled action=none pc=0x00007fc885e44090 method=java.net.URLClassLoader.findClass(Ljava/lang/String;)Ljava/lang/Class; @ 44
Event: 13.732 Thread 0x00007fc894013800 Uncommon trap: reason=unhandled action=none pc=0x00007fc885e44090 method=java.net.URLClassLoader.findClass(Ljava/lang/String;)Ljava/lang/Class; @ 44
Event: 19.583 Thread 0x00007fc895e50000 Uncommon trap: reason=unhandled action=none pc=0x00007fc885e44090 method=java.net.URLClassLoader.findClass(Ljava/lang/String;)Ljava/lang/Class; @ 44
Event: 20.892 Thread 0x00007fc895e50000 Uncommon trap: reason=unhandled action=none pc=0x00007fc885e44090 method=java.net.URLClassLoader.findClass(Ljava/lang/String;)Ljava/lang/Class; @ 44
Event: 33.145 Thread 0x00007fc895c90000 Uncommon trap: reason=unhandled action=none pc=0x00007fc885e44090 method=java.net.URLClassLoader.findClass(Ljava/lang/String;)Ljava/lang/Class; @ 44
Event: 35.365 Thread 0x00007fc895c90000 Uncommon trap: reason=unhandled action=none pc=0x00007fc885e44090 method=java.net.URLClassLoader.findClass(Ljava/lang/String;)Ljava/lang/Class; @ 44
Event: 35.429 Thread 0x00007fc895c90000 Uncommon trap: reason=unhandled action=none pc=0x00007fc885e44090 method=java.net.URLClassLoader.findClass(Ljava/lang/String;)Ljava/lang/Class; @ 44
Event: 35.431 Thread 0x00007fc895c90000 Uncommon trap: reason=unhandled action=none pc=0x00007fc885e44090 method=java.net.URLClassLoader.findClass(Ljava/lang/String;)Ljava/lang/Class; @ 44

Classes redefined (0 events):
No events

Internal exceptions (10 events):
Event: 13.465 Thread 0x00007fc894013800 Exception <a 'java/lang/ArrayIndexOutOfBoundsException': 47> (0x00000000de485db0) thrown at [/HUDSON/workspace/8-2-build-linux-amd64/jdk8u172/10810/hotspot/src/share/vm/interpreter/interpreterRuntime.cpp, line 366]
Event: 13.465 Thread 0x00007fc894013800 Exception <a 'java/lang/ArrayIndexOutOfBoundsException': 97> (0x00000000de489090) thrown at [/HUDSON/workspace/8-2-build-linux-amd64/jdk8u172/10810/hotspot/src/share/vm/interpreter/interpreterRuntime.cpp, line 366]
Event: 13.470 Thread 0x00007fc894013800 Exception <a 'java/lang/ArrayIndexOutOfBoundsException': 141> (0x00000000de4ebd10) thrown at [/HUDSON/workspace/8-2-build-linux-amd64/jdk8u172/10810/hotspot/src/share/vm/interpreter/interpreterRuntime.cpp, line 366]
Event: 13.470 Thread 0x00007fc894013800 Exception <a 'java/lang/ArrayIndexOutOfBoundsException': 233> (0x00000000de4ee8f8) thrown at [/HUDSON/workspace/8-2-build-linux-amd64/jdk8u172/10810/hotspot/src/share/vm/interpreter/interpreterRuntime.cpp, line 366]
Event: 13.470 Thread 0x00007fc894013800 Exception <a 'java/lang/ArrayIndexOutOfBoundsException': 212> (0x00000000de4f0cb0) thrown at [/HUDSON/workspace/8-2-build-linux-amd64/jdk8u172/10810/hotspot/src/share/vm/interpreter/interpreterRuntime.cpp, line 366]
Event: 13.470 Thread 0x00007fc894013800 Exception <a 'java/lang/ArrayIndexOutOfBoundsException': 114> (0x00000000de4f28f8) thrown at [/HUDSON/workspace/8-2-build-linux-amd64/jdk8u172/10810/hotspot/src/share/vm/interpreter/interpreterRuntime.cpp, line 366]
Event: 13.470 Thread 0x00007fc894013800 Exception <a 'java/lang/ArrayIndexOutOfBoundsException': 192> (0x00000000de4f48c0) thrown at [/HUDSON/workspace/8-2-build-linux-amd64/jdk8u172/10810/hotspot/src/share/vm/interpreter/interpreterRuntime.cpp, line 366]
Event: 13.474 Thread 0x00007fc894013800 Exception <a 'java/lang/ArrayIndexOutOfBoundsException': 6> (0x00000000de5483d8) thrown at [/HUDSON/workspace/8-2-build-linux-amd64/jdk8u172/10810/hotspot/src/share/vm/interpreter/interpreterRuntime.cpp, line 366]
Event: 13.484 Thread 0x00007fc894013800 Exception <a 'java/lang/ArrayIndexOutOfBoundsException': 50> (0x00000000de5ecb08) thrown at [/HUDSON/workspace/8-2-build-linux-amd64/jdk8u172/10810/hotspot/src/share/vm/interpreter/interpreterRuntime.cpp, line 366]
Event: 13.484 Thread 0x00007fc894013800 Exception <a 'java/lang/ArrayIndexOutOfBoundsException': 57> (0x00000000de5eedd0) thrown at [/HUDSON/workspace/8-2-build-linux-amd64/jdk8u172/10810/hotspot/src/share/vm/interpreter/interpreterRuntime.cpp, line 366]

Events (10 events):
Event: 35.429 Thread 0x00007fc895c90000 DEOPT PACKING pc=0x00007fc885af0408 sp=0x00007fc82e7bfc10
Event: 35.429 Thread 0x00007fc895c90000 DEOPT UNPACKING pc=0x00007fc885047784 sp=0x00007fc82e7bf8e0 mode 1
Event: 35.431 loading class org/apache/tomcat/util/net/SocketWrapperBase$1
Event: 35.431 loading class org/apache/tomcat/util/net/SocketWrapperBase$1 done
Event: 35.431 Thread 0x00007fc895c90000 Uncommon trap: trap_request=0xffffffa7 fr.pc=0x00007fc885e44090
Event: 35.431 Thread 0x00007fc895c90000 DEOPT PACKING pc=0x00007fc885e44090 sp=0x00007fc82e7c0fd0
Event: 35.431 Thread 0x00007fc895c90000 DEOPT UNPACKING pc=0x00007fc88504573a sp=0x00007fc82e7c0f88 mode 2
Event: 35.431 Thread 0x00007fc895c90000 DEOPT PACKING pc=0x00007fc885af0408 sp=0x00007fc82e7c1010
Event: 35.431 Thread 0x00007fc895c90000 DEOPT UNPACKING pc=0x00007fc885047784 sp=0x00007fc82e7c0ce0 mode 1
Event: 35.437 Executing VM operation: CollectForMetadataAllocation


Dynamic libraries:
00400000-00401000 r-xp 00000000 08:01 594312                             /opt/java/jdk1.8.0_172/bin/java
00600000-00601000 rw-p 00000000 08:01 594312                             /opt/java/jdk1.8.0_172/bin/java
019a2000-019c3000 rw-p 00000000 00:00 0                                  [heap]
86400000-8b900000 rw-p 00000000 00:00 0 
8b900000-d7700000 ---p 00000000 00:00 0 
d7700000-f2700000 rw-p 00000000 00:00 0 
fc980000-100000000 ---p 00000000 00:00 0 
100000000-1007a0000 rw-p 00000000 00:00 0 
1007a0000-140000000 ---p 00000000 00:00 0 
7fc7d8000000-7fc7d8021000 rw-p 00000000 00:00 0 
7fc7d8021000-7fc7dc000000 ---p 00000000 00:00 0 
7fc7dc000000-7fc7dc021000 rw-p 00000000 00:00 0 
7fc7dc021000-7fc7e0000000 ---p 00000000 00:00 0 
7fc7e0000000-7fc7e0021000 rw-p 00000000 00:00 0 
7fc7e0021000-7fc7e4000000 ---p 00000000 00:00 0 
7fc7e4000000-7fc7e4021000 rw-p 00000000 00:00 0 
7fc7e4021000-7fc7e8000000 ---p 00000000 00:00 0 
7fc7e8000000-7fc7e8021000 rw-p 00000000 00:00 0 
7fc7e8021000-7fc7ec000000 ---p 00000000 00:00 0 
7fc7ec000000-7fc7ec021000 rw-p 00000000 00:00 0 
7fc7ec021000-7fc7f0000000 ---p 00000000 00:00 0 
7fc7f0000000-7fc7f0021000 rw-p 00000000 00:00 0 
7fc7f0021000-7fc7f4000000 ---p 00000000 00:00 0 
7fc7f8000000-7fc7f8021000 rw-p 00000000 00:00 0 
7fc7f8021000-7fc7fc000000 ---p 00000000 00:00 0 
7fc7fc000000-7fc7fc021000 rw-p 00000000 00:00 0 
7fc7fc021000-7fc800000000 ---p 00000000 00:00 0 
7fc800000000-7fc800021000 rw-p 00000000 00:00 0 
7fc800021000-7fc804000000 ---p 00000000 00:00 0 
7fc804000000-7fc804021000 rw-p 00000000 00:00 0 
7fc804021000-7fc808000000 ---p 00000000 00:00 0 
7fc808000000-7fc808021000 rw-p 00000000 00:00 0 
7fc808021000-7fc80c000000 ---p 00000000 00:00 0 
7fc80c000000-7fc80c021000 rw-p 00000000 00:00 0 
7fc80c021000-7fc810000000 ---p 00000000 00:00 0 
7fc810000000-7fc810021000 rw-p 00000000 00:00 0 
7fc810021000-7fc814000000 ---p 00000000 00:00 0 
7fc814000000-7fc814021000 rw-p 00000000 00:00 0 
7fc814021000-7fc818000000 ---p 00000000 00:00 0 
7fc818000000-7fc818021000 rw-p 00000000 00:00 0 
7fc818021000-7fc81c000000 ---p 00000000 00:00 0 
7fc81c000000-7fc81c021000 rw-p 00000000 00:00 0 
7fc81c021000-7fc820000000 ---p 00000000 00:00 0 
7fc820000000-7fc820021000 rw-p 00000000 00:00 0 
7fc820021000-7fc824000000 ---p 00000000 00:00 0 
7fc824000000-7fc824021000 rw-p 00000000 00:00 0 
7fc824021000-7fc828000000 ---p 00000000 00:00 0 
7fc828000000-7fc82810a000 rw-p 00000000 00:00 0 
7fc82810a000-7fc82c000000 ---p 00000000 00:00 0 
7fc82e5c2000-7fc82e5c5000 ---p 00000000 00:00 0 
7fc82e5c5000-7fc82e6c3000 rw-p 00000000 00:00 0 
7fc82e6c3000-7fc82e6c6000 ---p 00000000 00:00 0 
7fc82e6c6000-7fc82e7c4000 rw-p 00000000 00:00 0 
7fc82e7c4000-7fc82e7c7000 ---p 00000000 00:00 0 
7fc82e7c7000-7fc82e8c5000 rw-p 00000000 00:00 0 
7fc82e8c5000-7fc82e8c8000 ---p 00000000 00:00 0 
7fc82e8c8000-7fc82e9c6000 rw-p 00000000 00:00 0 
7fc82e9c6000-7fc82e9c9000 ---p 00000000 00:00 0 
7fc82e9c9000-7fc82eac7000 rw-p 00000000 00:00 0 
7fc82eac7000-7fc82eaca000 ---p 00000000 00:00 0 
7fc82eaca000-7fc82ebc8000 rw-p 00000000 00:00 0 
7fc82ebc8000-7fc82ebcb000 ---p 00000000 00:00 0 
7fc82ebcb000-7fc82ecc9000 rw-p 00000000 00:00 0 
7fc82ecc9000-7fc82eccc000 ---p 00000000 00:00 0 
7fc82eccc000-7fc82edca000 rw-p 00000000 00:00 0 
7fc82edca000-7fc82edcd000 ---p 00000000 00:00 0 
7fc82edcd000-7fc82eecb000 rw-p 00000000 00:00 0 
7fc82eecb000-7fc82eece000 ---p 00000000 00:00 0 
7fc82eece000-7fc82efcc000 rw-p 00000000 00:00 0 
7fc82efcc000-7fc82efcf000 ---p 00000000 00:00 0 
7fc82efcf000-7fc82f0cd000 rw-p 00000000 00:00 0 
7fc82f0cd000-7fc82f0d0000 ---p 00000000 00:00 0 
7fc82f0d0000-7fc82f1ce000 rw-p 00000000 00:00 0 
7fc82f1ce000-7fc82f1d1000 ---p 00000000 00:00 0 
7fc82f1d1000-7fc82f2cf000 rw-p 00000000 00:00 0 
7fc82f2cf000-7fc82f2d2000 ---p 00000000 00:00 0 
7fc82f2d2000-7fc82f5d0000 rw-p 00000000 00:00 0 
7fc82f5d0000-7fc82f7d0000 rw-p 00000000 00:00 0 
7fc82f7d0000-7fc82f9d0000 rw-p 00000000 00:00 0 
7fc82f9d0000-7fc82fbd0000 rw-p 00000000 00:00 0 
7fc82fbd0000-7fc82fdd0000 rw-p 00000000 00:00 0 
7fc82fdd0000-7fc82ffd0000 rw-p 00000000 00:00 0 
7fc82ffd0000-7fc8301d0000 rw-p 00000000 00:00 0 
7fc8301d0000-7fc8303d0000 rw-p 00000000 00:00 0 
7fc8303fb000-7fc8303fe000 ---p 00000000 00:00 0 
7fc8303fe000-7fc8306fc000 rw-p 00000000 00:00 0 
7fc8306fc000-7fc8306ff000 ---p 00000000 00:00 0 
7fc8306ff000-7fc8309fd000 rw-p 00000000 00:00 0 
7fc8309fd000-7fc830a00000 ---p 00000000 00:00 0 
7fc830a00000-7fc830afe000 rw-p 00000000 00:00 0 
7fc830afe000-7fc830b01000 ---p 00000000 00:00 0 
7fc830b01000-7fc830dff000 rw-p 00000000 00:00 0 
7fc830dff000-7fc830fff000 rw-p 00000000 00:00 0 
7fc830fff000-7fc834000000 rw-p 00000000 00:00 0 
7fc834000000-7fc834021000 rw-p 00000000 00:00 0 
7fc834021000-7fc838000000 ---p 00000000 00:00 0 
7fc838000000-7fc83885d000 rw-p 00000000 00:00 0 
7fc83885d000-7fc83c000000 ---p 00000000 00:00 0 
7fc83c000000-7fc83d429000 rw-p 00000000 00:00 0 
7fc83d429000-7fc840000000 ---p 00000000 00:00 0 
7fc840000000-7fc840021000 rw-p 00000000 00:00 0 
7fc840021000-7fc844000000 ---p 00000000 00:00 0 
7fc844000000-7fc846e89000 rw-p 00000000 00:00 0 
7fc846e89000-7fc848000000 ---p 00000000 00:00 0 
7fc848000000-7fc84ab96000 rw-p 00000000 00:00 0 
7fc84ab96000-7fc84c000000 ---p 00000000 00:00 0 
7fc84c000000-7fc84c021000 rw-p 00000000 00:00 0 
7fc84c021000-7fc850000000 ---p 00000000 00:00 0 
7fc850000000-7fc850021000 rw-p 00000000 00:00 0 
7fc850021000-7fc854000000 ---p 00000000 00:00 0 
7fc854000000-7fc854021000 rw-p 00000000 00:00 0 
7fc854021000-7fc858000000 ---p 00000000 00:00 0 
7fc858000000-7fc858021000 rw-p 00000000 00:00 0 
7fc858021000-7fc85c000000 ---p 00000000 00:00 0 
7fc85c000000-7fc85c021000 rw-p 00000000 00:00 0 
7fc85c021000-7fc860000000 ---p 00000000 00:00 0 
7fc860000000-7fc860021000 rw-p 00000000 00:00 0 
7fc860021000-7fc864000000 ---p 00000000 00:00 0 
7fc864000000-7fc864021000 rw-p 00000000 00:00 0 
7fc864021000-7fc868000000 ---p 00000000 00:00 0 
7fc868000000-7fc868294000 rw-p 00000000 00:00 0 
7fc868294000-7fc86c000000 ---p 00000000 00:00 0 
7fc86c000000-7fc86c021000 rw-p 00000000 00:00 0 
7fc86c021000-7fc870000000 ---p 00000000 00:00 0 
7fc870084000-7fc870087000 ---p 00000000 00:00 0 
7fc870087000-7fc870385000 rw-p 00000000 00:00 0 
7fc870385000-7fc870585000 rw-p 00000000 00:00 0 
7fc870585000-7fc870785000 rw-p 00000000 00:00 0 
7fc870785000-7fc870985000 rw-p 00000000 00:00 0 
7fc870985000-7fc870996000 r-xp 00000000 08:01 595868                     /opt/java/jdk1.8.0_172/jre/lib/amd64/libnio.so
7fc870996000-7fc870b95000 ---p 00011000 08:01 595868                     /opt/java/jdk1.8.0_172/jre/lib/amd64/libnio.so
7fc870b95000-7fc870b96000 rw-p 00010000 08:01 595868                     /opt/java/jdk1.8.0_172/jre/lib/amd64/libnio.so
7fc870b96000-7fc870d96000 rw-p 00000000 00:00 0 
7fc870d96000-7fc870f96000 rw-p 00000000 00:00 0 
7fc870f96000-7fc870fac000 r-xp 00000000 08:01 595865                     /opt/java/jdk1.8.0_172/jre/lib/amd64/libnet.so
7fc870fac000-7fc8711ac000 ---p 00016000 08:01 595865                     /opt/java/jdk1.8.0_172/jre/lib/amd64/libnet.so
7fc8711ac000-7fc8711ad000 rw-p 00016000 08:01 595865                     /opt/java/jdk1.8.0_172/jre/lib/amd64/libnet.so
7fc871274000-7fc871277000 ---p 00000000 00:00 0 
7fc871277000-7fc871575000 rw-p 00000000 00:00 0 
7fc871575000-7fc871775000 rw-p 00000000 00:00 0 
7fc871775000-7fc871778000 ---p 00000000 00:00 0 
7fc871778000-7fc871a76000 rw-p 00000000 00:00 0 
7fc871aa2000-7fc871aa7000 r--s 002f9000 08:01 595692                     /opt/java/jdk1.8.0_172/jre/lib/charsets.jar
7fc871aa7000-7fc871ab0000 r-xp 00000000 08:01 595873                     /opt/java/jdk1.8.0_172/jre/lib/amd64/libmanagement.so
7fc871ab0000-7fc871caf000 ---p 00009000 08:01 595873                     /opt/java/jdk1.8.0_172/jre/lib/amd64/libmanagement.so
7fc871caf000-7fc871cb0000 rw-p 00008000 08:01 595873                     /opt/java/jdk1.8.0_172/jre/lib/amd64/libmanagement.so
7fc871cb0000-7fc871d46000 r--s 0110d000 08:01 595747                     /opt/java/jdk1.8.0_172/jre/lib/ext/jfxrt.jar
7fc871d46000-7fc871d47000 ---p 00000000 00:00 0 
7fc871d47000-7fc871e47000 rw-p 00000000 00:00 0 
7fc871e47000-7fc871e4a000 ---p 00000000 00:00 0 
7fc871e4a000-7fc871f48000 rw-p 00000000 00:00 0 
7fc871f48000-7fc871f4b000 ---p 00000000 00:00 0 
7fc871f4b000-7fc872049000 rw-p 00000000 00:00 0 
7fc872049000-7fc87204c000 ---p 00000000 00:00 0 
7fc87204c000-7fc87214a000 rw-p 00000000 00:00 0 
7fc87214a000-7fc87214d000 ---p 00000000 00:00 0 
7fc87214d000-7fc87224b000 rw-p 00000000 00:00 0 
7fc87224b000-7fc87224e000 r--s 0001a000 08:01 595881                     /opt/java/jdk1.8.0_172/jre/lib/jce.jar
7fc87224e000-7fc872253000 r--s 0009d000 08:01 595743                     /opt/java/jdk1.8.0_172/jre/lib/jsse.jar
7fc872253000-7fc872256000 r--s 0001d000 08:01 657217                     /home/mint/eclipse/jee-photon/eclipse/configuration/org.eclipse.osgi/413/0/.cp/lib/javaagent-shaded.jar
7fc872256000-7fc872270000 r--s 0011b000 08:01 2758138                    /home/mint/.m2/repository/org/springframework/spring-web/5.0.10.RELEASE/spring-web-5.0.10.RELEASE.jar
7fc872270000-7fc87227f000 r--s 000b3000 08:01 2758135                    /home/mint/.m2/repository/org/springframework/spring-webmvc/5.0.10.RELEASE/spring-webmvc-5.0.10.RELEASE.jar
7fc87227f000-7fc872288000 r--s 000ed000 08:01 2758133                    /home/mint/.m2/repository/mysql/mysql-connector-java/5.1.47/mysql-connector-java-5.1.47.jar
7fc872288000-7fc87228d000 r--s 00022000 08:01 2624805                    /home/mint/.m2/repository/org/xmlunit/xmlunit-core/2.5.1/xmlunit-core-2.5.1.jar
7fc87228d000-7fc87229b000 r--s 00087000 08:01 2758129                    /home/mint/.m2/repository/org/springframework/spring-test/5.0.10.RELEASE/spring-test-5.0.10.RELEASE.jar
7fc87229b000-7fc87229c000 r--s 00004000 08:01 1968976                    /home/mint/.m2/repository/com/vaadin/external/google/android-json/0.0.20131108.vaadin1/android-json-0.0.20131108.vaadin1.jar
7fc87229c000-7fc87229e000 r--s 00006000 08:01 1968974                    /home/mint/.m2/repository/org/skyscreamer/jsonassert/1.5.0/jsonassert-1.5.0.jar
7fc87229e000-7fc87229f000 r--s 0000c000 08:01 1968971                    /home/mint/.m2/repository/org/hamcrest/hamcrest-library/1.3/hamcrest-library-1.3.jar
7fc87229f000-7fc8722a1000 r--s 00009000 08:01 1968969                    /home/mint/.m2/repository/org/hamcrest/hamcrest-core/1.3/hamcrest-core-1.3.jar
7fc8722a1000-7fc8722a3000 r--s 0000c000 08:01 1968959                    /home/mint/.m2/repository/org/objenesis/objenesis/2.6/objenesis-2.6.jar
7fc8722a3000-7fc8722a5000 r--s 00009000 08:01 2636889                    /home/mint/.m2/repository/net/bytebuddy/byte-buddy-agent/1.7.11/byte-buddy-agent-1.7.11.jar
7fc8722a5000-7fc8722e1000 r--s 00290000 08:01 2398342                    /home/mint/.m2/repository/net/bytebuddy/byte-buddy/1.7.11/byte-buddy-1.7.11.jar
7fc8722e1000-7fc8722f1000 r--s 00075000 08:01 2636886                    /home/mint/.m2/repository/org/mockito/mockito-core/2.15.0/mockito-core-2.15.0.jar
7fc8722f1000-7fc872346000 r--s 00367000 08:01 2624797                    /home/mint/.m2/repository/org/assertj/assertj-core/3.9.1/assertj-core-3.9.1.jar
7fc872346000-7fc87234e000 r--s 00045000 08:01 1968809                    /home/mint/.m2/repository/junit/junit/4.12/junit-4.12.jar
7fc87234e000-7fc872350000 r--s 00006000 08:01 1968774                    /home/mint/.m2/repository/net/minidev/accessors-smart/1.2/accessors-smart-1.2.jar
7fc872350000-7fc872353000 r--s 0001b000 08:01 1968768                    /home/mint/.m2/repository/net/minidev/json-smart/2.3/json-smart-2.3.jar
7fc872353000-7fc872359000 r--s 00031000 08:01 1968766                    /home/mint/.m2/repository/com/jayway/jsonpath/json-path/2.4.0/json-path-2.4.0.jar
7fc872359000-7fc872360000 r--s 00020000 08:01 2271871                    /home/mint/.m2/repository/org/springframework/boot/spring-boot-test-autoconfigure/2.0.6.RELEASE/spring-boot-test-autoconfigure-2.0.6.RELEASE.jar
7fc872360000-7fc872365000 r--s 0002b000 08:01 2133127                    /home/mint/.m2/repository/org/springframework/boot/spring-boot-test/2.0.6.RELEASE/spring-boot-test-2.0.6.RELEASE.jar
7fc872365000-7fc872366000 r--s 00000000 08:01 1997103                    /home/mint/.m2/repository/org/springframework/boot/spring-boot-starter-test/2.0.6.RELEASE/spring-boot-starter-test-2.0.6.RELEASE.jar
7fc872366000-7fc872369000 r--s 0000e000 08:01 1968461                    /home/mint/.m2/repository/com/fasterxml/jackson/core/jackson-annotations/2.9.0/jackson-annotations-2.9.0.jar
7fc872369000-7fc87236b000 r--s 00002000 08:01 1877013                    /home/mint/.m2/repository/org/atteo/evo-inflector/1.2.2/evo-inflector-1.2.2.jar
7fc87236b000-7fc87236c000 r--s 00004000 08:01 2625356                    /home/mint/.m2/repository/org/springframework/plugin/spring-plugin-core/1.2.0.RELEASE/spring-plugin-core-1.2.0.RELEASE.jar
7fc87236c000-7fc872371000 r--s 0002f000 08:01 1877011                    /home/mint/.m2/repository/org/springframework/hateoas/spring-hateoas/0.25.0.RELEASE/spring-hateoas-0.25.0.RELEASE.jar
7fc872371000-7fc872376000 r--s 0001d000 08:01 2758115                    /home/mint/.m2/repository/org/springframework/data/spring-data-rest-core/3.0.11.RELEASE/spring-data-rest-core-3.0.11.RELEASE.jar
7fc872376000-7fc87237e000 r--s 0004b000 08:01 2758112                    /home/mint/.m2/repository/org/springframework/data/spring-data-rest-webmvc/3.0.11.RELEASE/spring-data-rest-webmvc-3.0.11.RELEASE.jar
7fc87237e000-7fc872383000 r--s 00012000 08:01 1968662                    /home/mint/.m2/repository/javax/validation/validation-api/2.0.1.Final/validation-api-2.0.1.Final.jar
7fc872383000-7fc8723a0000 r--s 000fe000 08:01 1968660                    /home/mint/.m2/repository/org/hibernate/validator/hibernate-validator/6.0.13.Final/hibernate-validator-6.0.13.Final.jar
7fc8723a0000-7fc8723a5000 r--s 0003a000 08:01 2625516                    /home/mint/.m2/repository/org/apache/tomcat/embed/tomcat-embed-websocket/8.5.34/tomcat-embed-websocket-8.5.34.jar
7fc8723a5000-7fc8723aa000 r--s 00038000 08:01 2625386                    /home/mint/.m2/repository/org/apache/tomcat/embed/tomcat-embed-el/8.5.34/tomcat-embed-el-8.5.34.jar
7fc8723aa000-7fc8723d4000 r--s 002d5000 08:01 2625514                    /home/mint/.m2/repository/org/apache/tomcat/embed/tomcat-embed-core/8.5.34/tomcat-embed-core-8.5.34.jar
7fc8723d4000-7fc8723d5000 r--s 00000000 08:01 2758109                    /home/mint/.m2/repository/org/springframework/boot/spring-boot-starter-tomcat/2.0.6.RELEASE/spring-boot-starter-tomcat-2.0.6.RELEASE.jar
7fc8723d5000-7fc8723d6000 r--s 00000000 08:01 1877055                    /home/mint/.m2/repository/org/springframework/boot/spring-boot-starter-web/2.0.6.RELEASE/spring-boot-starter-web-2.0.6.RELEASE.jar
7fc8723d6000-7fc8723d8000 r--s 00001000 08:01 1968496                    /home/mint/.m2/repository/com/fasterxml/jackson/module/jackson-module-parameter-names/2.9.7/jackson-module-parameter-names-2.9.7.jar
7fc8723d8000-7fc8723db000 r--s 00016000 08:01 1968481                    /home/mint/.m2/repository/com/fasterxml/jackson/datatype/jackson-datatype-jsr310/2.9.7/jackson-datatype-jsr310-2.9.7.jar
7fc8723db000-7fc8723dd000 r--s 00007000 08:01 1968471                    /home/mint/.m2/repository/com/fasterxml/jackson/datatype/jackson-datatype-jdk8/2.9.7/jackson-datatype-jdk8-2.9.7.jar
7fc8723dd000-7fc8723e1000 r--s 0004c000 08:01 1968467                    /home/mint/.m2/repository/com/fasterxml/jackson/core/jackson-core/2.9.7/jackson-core-2.9.7.jar
7fc8723e1000-7fc8723f4000 r--s 00137000 08:01 1968457                    /home/mint/.m2/repository/com/fasterxml/jackson/core/jackson-databind/2.9.7/jackson-databind-2.9.7.jar
7fc8723f4000-7fc8723f5000 r--s 00000000 08:01 2758097                    /home/mint/.m2/repository/org/springframework/boot/spring-boot-starter-json/2.0.6.RELEASE/spring-boot-starter-json-2.0.6.RELEASE.jar
7fc8723f5000-7fc8723f6000 r--s 00000000 08:01 1877053                    /home/mint/.m2/repository/org/springframework/boot/spring-boot-starter-data-rest/2.0.6.RELEASE/spring-boot-starter-data-rest-2.0.6.RELEASE.jar
7fc8723f6000-7fc8723fb000 r--s 00040000 08:01 2636881                    /home/mint/.m2/repository/org/springframework/spring-expression/5.0.10.RELEASE/spring-expression-5.0.10.RELEASE.jar
7fc8723fb000-7fc8723fd000 r--s 00004000 08:01 2133125                    /home/mint/.m2/repository/org/springframework/spring-jcl/5.0.10.RELEASE/spring-jcl-5.0.10.RELEASE.jar
7fc8723fd000-7fc872415000 r--s 00115000 08:01 2133123                    /home/mint/.m2/repository/org/springframework/spring-core/5.0.10.RELEASE/spring-core-5.0.10.RELEASE.jar
7fc872415000-7fc872422000 r--s 00095000 08:01 2517022                    /home/mint/.m2/repository/org/springframework/spring-beans/5.0.10.RELEASE/spring-beans-5.0.10.RELEASE.jar
7fc872422000-7fc87242b000 r--s 00051000 08:01 2398340                    /home/mint/.m2/repository/org/springframework/spring-aop/5.0.10.RELEASE/spring-aop-5.0.10.RELEASE.jar
7fc87242b000-7fc872445000 r--s 000f1000 08:01 2271869                    /home/mint/.m2/repository/org/springframework/spring-context/5.0.10.RELEASE/spring-context-5.0.10.RELEASE.jar
7fc872445000-7fc87244d000 r--s 00037000 08:01 2758092                    /home/mint/.m2/repository/org/springframework/spring-tx/5.0.10.RELEASE/spring-tx-5.0.10.RELEASE.jar
7fc87244d000-7fc872465000 r--s 000f2000 08:01 2758075                    /home/mint/.m2/repository/org/springframework/data/spring-data-commons/2.0.11.RELEASE/spring-data-commons-2.0.11.RELEASE.jar
7fc872465000-7fc8724e3000 r--s 005f0000 08:01 2758044                    /home/mint/.m2/repository/org/hibernate/hibernate-core/5.2.17.Final/hibernate-core-5.2.17.Final.jar
7fc8724e3000-7fc8724e6000 ---p 00000000 00:00 0 
7fc8724e6000-7fc8725e4000 rw-p 00000000 00:00 0 
7fc8725e4000-7fc8725e7000 ---p 00000000 00:00 0 
7fc8725e7000-7fc8726e5000 rw-p 00000000 00:00 0 
7fc8726e5000-7fc8726e8000 ---p 00000000 00:00 0 
7fc8726e8000-7fc8727e6000 rw-p 00000000 00:00 0 
7fc8727e6000-7fc8727ea000 r-xp 00000000 08:01 595830                     /opt/java/jdk1.8.0_172/jre/lib/amd64/libdt_socket.so
7fc8727ea000-7fc8729e9000 ---p 00004000 08:01 595830                     /opt/java/jdk1.8.0_172/jre/lib/amd64/libdt_socket.so
7fc8729e9000-7fc8729ea000 rw-p 00003000 08:01 595830                     /opt/java/jdk1.8.0_172/jre/lib/amd64/libdt_socket.so
7fc8729ea000-7fc8729ed000 ---p 00000000 00:00 0 
7fc8729ed000-7fc872aeb000 rw-p 00000000 00:00 0 
7fc872aeb000-7fc872aee000 ---p 00000000 00:00 0 
7fc872aee000-7fc872bec000 rw-p 00000000 00:00 0 
7fc872bec000-7fc872bef000 ---p 00000000 00:00 0 
7fc872bef000-7fc872ced000 rw-p 00000000 00:00 0 
7fc872ced000-7fc872cee000 ---p 00000000 00:00 0 
7fc872cee000-7fc874000000 rw-p 00000000 00:00 0 
7fc874000000-7fc874021000 rw-p 00000000 00:00 0 
7fc874021000-7fc878000000 ---p 00000000 00:00 0 
7fc878000000-7fc878021000 rw-p 00000000 00:00 0 
7fc878021000-7fc87c000000 ---p 00000000 00:00 0 
7fc87c000000-7fc87c021000 rw-p 00000000 00:00 0 
7fc87c021000-7fc880000000 ---p 00000000 00:00 0 
7fc880000000-7fc880002000 r--s 0000a000 08:01 2758094                    /home/mint/.m2/repository/org/springframework/spring-aspects/5.0.10.RELEASE/spring-aspects-5.0.10.RELEASE.jar
7fc880002000-7fc880004000 r--s 00009000 08:01 1968728                    /home/mint/.m2/repository/org/slf4j/slf4j-api/1.7.25/slf4j-api-1.7.25.jar
7fc880004000-7fc880008000 r--s 0002b000 08:01 2758078                    /home/mint/.m2/repository/org/springframework/spring-orm/5.0.10.RELEASE/spring-orm-5.0.10.RELEASE.jar
7fc880008000-7fc880010000 r--s 0004c000 08:01 2758073                    /home/mint/.m2/repository/org/springframework/data/spring-data-jpa/2.0.11.RELEASE/spring-data-jpa-2.0.11.RELEASE.jar
7fc880010000-7fc880013000 r--s 00010000 08:01 2758070                    /home/mint/.m2/repository/org/hibernate/common/hibernate-commons-annotations/5.0.1.Final/hibernate-commons-annotations-5.0.1.Final.jar
7fc880013000-7fc880018000 r--s 00048000 08:01 1877051                    /home/mint/.m2/repository/dom4j/dom4j/1.6.1/dom4j-1.6.1.jar
7fc880018000-7fc88001a000 r--s 0000e000 08:01 1969382                    /home/mint/.m2/repository/com/fasterxml/classmate/1.3.4/classmate-1.3.4.jar
7fc88001a000-7fc88001d000 r--s 0002b000 08:01 2758062                    /home/mint/.m2/repository/org/jboss/jandex/2.0.3.Final/jandex-2.0.3.Final.jar
7fc88001d000-7fc880022000 r--s 00068000 08:01 1969055                    /home/mint/.m2/repository/antlr/antlr/2.7.7/antlr-2.7.7.jar
7fc880022000-7fc88002c000 r--s 000ab000 08:01 2758059                    /home/mint/.m2/repository/org/javassist/javassist/3.22.0-GA/javassist-3.22.0-GA.jar
7fc88002c000-7fc880031000 r--s 00017000 08:01 2758052                    /home/mint/.m2/repository/org/hibernate/javax/persistence/hibernate-jpa-2.1-api/1.0.2.Final/hibernate-jpa-2.1-api-1.0.2.Final.jar
7fc880031000-7fc880033000 r--s 0000f000 08:01 1968664                    /home/mint/.m2/repository/org/jboss/logging/jboss-logging/3.3.2.Final/jboss-logging-3.3.2.Final.jar
7fc880033000-7fc880035000 r--s 00006000 08:01 2758041                    /home/mint/.m2/repository/javax/transaction/javax.transaction-api/1.2/javax.transaction-api-1.2.jar
7fc880035000-7fc88003e000 r--s 00059000 08:01 2758039                    /home/mint/.m2/repository/org/springframework/spring-jdbc/5.0.10.RELEASE/spring-jdbc-5.0.10.RELEASE.jar
7fc88003e000-7fc880042000 r--s 00020000 08:01 2758026                    /home/mint/.m2/repository/com/zaxxer/HikariCP/2.7.9/HikariCP-2.7.9.jar
7fc880042000-7fc880043000 r--s 00000000 08:01 2758023                    /home/mint/.m2/repository/org/springframework/boot/spring-boot-starter-jdbc/2.0.6.RELEASE/spring-boot-starter-jdbc-2.0.6.RELEASE.jar
7fc880043000-7fc88005c000 r--s 001bf000 08:01 2758019                    /home/mint/.m2/repository/org/aspectj/aspectjweaver/1.8.13/aspectjweaver-1.8.13.jar
7fc88005c000-7fc88005d000 r--s 00000000 08:01 2758003                    /home/mint/.m2/repository/org/springframework/boot/spring-boot-starter-aop/2.0.6.RELEASE/spring-boot-starter-aop-2.0.6.RELEASE.jar
7fc88005d000-7fc880064000 r--s 00042000 08:01 2126699                    /home/mint/.m2/repository/org/yaml/snakeyaml/1.19/snakeyaml-1.19.jar
7fc880064000-7fc880066000 r--s 00005000 08:01 1968298                    /home/mint/.m2/repository/javax/annotation/javax.annotation-api/1.3.2/javax.annotation-api-1.3.2.jar
7fc880066000-7fc880068000 r--s 00000000 08:01 1863164                    /home/mint/.m2/repository/org/slf4j/jul-to-slf4j/1.7.25/jul-to-slf4j-1.7.25.jar
7fc880068000-7fc88006e000 r--s 00039000 08:01 2636878                    /home/mint/.m2/repository/org/apache/logging/log4j/log4j-api/2.10.0/log4j-api-2.10.0.jar
7fc88006e000-7fc880070000 r--s 00003000 08:01 2386139                    /home/mint/.m2/repository/org/apache/logging/log4j/log4j-to-slf4j/2.10.0/log4j-to-slf4j-2.10.0.jar
7fc880070000-7fc88007b000 r--s 00069000 08:01 1863158                    /home/mint/.m2/repository/ch/qos/logback/logback-core/1.2.3/logback-core-1.2.3.jar
7fc88007b000-7fc880081000 r--s 00041000 08:01 1863156                    /home/mint/.m2/repository/ch/qos/logback/logback-classic/1.2.3/logback-classic-1.2.3.jar
7fc880081000-7fc880082000 r--s 00000000 08:01 1877049                    /home/mint/.m2/repository/org/springframework/boot/spring-boot-starter-logging/2.0.6.RELEASE/spring-boot-starter-logging-2.0.6.RELEASE.jar
7fc880082000-7fc8800a3000 r--s 000ff000 08:01 2758000                    /home/mint/.m2/repository/org/springframework/boot/spring-boot-autoconfigure/2.0.6.RELEASE/spring-boot-autoconfigure-2.0.6.RELEASE.jar
7fc8800a3000-7fc8800b8000 r--s 000d1000 08:01 2133121                    /home/mint/.m2/repository/org/springframework/boot/spring-boot/2.0.6.RELEASE/spring-boot-2.0.6.RELEASE.jar
7fc8800b8000-7fc8800ba000 r--s 00004000 08:01 1967720                    /home/mint/.m2/repository/org/codehaus/plexus/plexus-compiler-javac/2.8.4/plexus-compiler-javac-2.8.4.jar
7fc8800ba000-7fc8800bc000 r--s 00000000 08:01 1967718                    /home/mint/.m2/repository/org/codehaus/plexus/plexus-compiler-manager/2.8.4/plexus-compiler-manager-2.8.4.jar
7fc8800bc000-7fc8800be000 r--s 00005000 08:01 1967716                    /home/mint/.m2/repository/org/codehaus/plexus/plexus-compiler-api/2.8.4/plexus-compiler-api-2.8.4.jar
7fc8800be000-7fc8800c5000 r--s 00047000 08:01 1969266                    /home/mint/.m2/repository/com/thoughtworks/qdox/qdox/2.0-M8/qdox-2.0-M8.jar
7fc8800c5000-7fc8800c7000 r--s 0001a000 08:01 1967712                    /home/mint/.m2/repository/org/ow2/asm/asm/6.2/asm-6.2.jar
7fc8800c7000-7fc8800c9000 r--s 00008000 08:01 1967710                    /home/mint/.m2/repository/org/codehaus/plexus/plexus-java/0.9.10/plexus-java-0.9.10.jar
7fc8800c9000-7fc8800cb000 r--s 00002000 08:01 1967708                    /home/mint/.m2/repository/org/apache/maven/shared/maven-shared-incremental/1.1/maven-shared-incremental-1.1.jar
7fc8800cb000-7fc8800cf000 r--s 0002f000 08:01 1967706                    /home/mint/.m2/repository/commons-io/commons-io/2.5/commons-io-2.5.jar
7fc8800cf000-7fc8800d2000 r--s 00026000 08:01 1967704                    /home/mint/.m2/repository/org/apache/maven/shared/maven-shared-utils/3.2.1/maven-shared-utils-3.2.1.jar
7fc8800d2000-7fc8800d4000 r--s 00002000 08:01 1967702                    /home/mint/.m2/repository/org/sonatype/plexus/plexus-cipher/1.4/plexus-cipher-1.4.jar
7fc8800d4000-7fc8800d6000 r--s 00000000 08:01 2625825                    /home/mint/.m2/repository/org/codehaus/plexus/plexus-component-annotations/1.5.5/plexus-component-annotations-1.5.5.jar
7fc8800d6000-7fc8800d8000 r--s 0000a000 08:01 1967676                    /home/mint/.m2/repository/org/codehaus/plexus/plexus-classworlds/2.2.3/plexus-classworlds-2.2.3.jar
7fc8800d8000-7fc8800da000 r--s 0000d000 08:01 1967613                    /home/mint/.m2/repository/org/codehaus/plexus/plexus-interpolation/1.14/plexus-interpolation-1.14.jar
7fc8800da000-7fc8800de000 r--s 00017000 08:01 1967590                    /home/mint/.m2/repository/org/sonatype/aether/aether-util/1.7/aether-util-1.7.jar
7fc8800de000-7fc8800e2000 r--s 0000f000 08:01 1967572                    /home/mint/.m2/repository/org/sonatype/aether/aether-api/1.7/aether-api-1.7.jar
7fc8800e2000-7fc8800e4000 r--s 00002000 08:01 1967569                    /home/mint/.m2/repository/org/sonatype/aether/aether-spi/1.7/aether-spi-1.7.jar
7fc8800e4000-7fc8800e6000 r--s 00018000 08:01 1967567                    /home/mint/.m2/repository/org/sonatype/aether/aether-impl/1.7/aether-impl-1.7.jar
7fc8800e6000-7fc8800e8000 r--s 0000b000 08:01 1967556                    /home/mint/.m2/repository/org/apache/maven/maven-aether-provider/3.0/maven-aether-provider-3.0.jar
7fc8800e8000-7fc8800ed000 r--s 00020000 08:01 1967506                    /home/mint/.m2/repository/org/apache/maven/maven-model-builder/3.0/maven-model-builder-3.0.jar
7fc8800ed000-7fc8800ef000 r--s 00006000 08:01 1967504                    /home/mint/.m2/repository/org/apache/maven/maven-repository-metadata/3.0/maven-repository-metadata-3.0.jar
7fc8800ef000-7fc8800f1000 r--s 00008000 08:01 1967502                    /home/mint/.m2/repository/org/apache/maven/maven-settings-builder/3.0/maven-settings-builder-3.0.jar
7fc8800f1000-7fc8800f3000 r--s 0000a000 08:01 1967500                    /home/mint/.m2/repository/org/apache/maven/maven-settings/3.0/maven-settings-3.0.jar
7fc8800f3000-7fc8800fe000 r--s 00076000 08:01 1967498                    /home/mint/.m2/repository/org/apache/maven/maven-core/3.0/maven-core-3.0.jar
7fc8800fe000-7fc8802d8000 r--s 03d6a000 08:01 595694                     /opt/java/jdk1.8.0_172/jre/lib/rt.jar
7fc8802d8000-7fc884bfc000 rw-p 00000000 00:00 0 
7fc884bfc000-7fc884bfd000 ---p 00000000 00:00 0 
7fc884bfd000-7fc884cfd000 rw-p 00000000 00:00 0 
7fc884cfd000-7fc884cfe000 ---p 00000000 00:00 0 
7fc884cfe000-7fc884dfe000 rw-p 00000000 00:00 0 
7fc884dfe000-7fc884dff000 ---p 00000000 00:00 0 
7fc884dff000-7fc884eff000 rw-p 00000000 00:00 0 
7fc884eff000-7fc884f00000 ---p 00000000 00:00 0 
7fc884f00000-7fc885000000 rw-p 00000000 00:00 0 
7fc885000000-7fc8862a0000 rwxp 00000000 00:00 0 
7fc8862a0000-7fc894000000 ---p 00000000 00:00 0 
7fc894000000-7fc8964d9000 rw-p 00000000 00:00 0 
7fc8964d9000-7fc898000000 ---p 00000000 00:00 0 
7fc898000000-7fc898001000 r--s 00000000 08:01 1877047                    /home/mint/.m2/repository/org/springframework/boot/spring-boot-starter/2.0.6.RELEASE/spring-boot-starter-2.0.6.RELEASE.jar
7fc898001000-7fc898005000 r--s 00033000 08:01 1967496                    /home/mint/.m2/repository/org/codehaus/plexus/plexus-utils/2.0.4/plexus-utils-2.0.4.jar
7fc898005000-7fc898010000 r--s 00069000 08:01 1967492                    /home/mint/.m2/repository/org/sonatype/sisu/sisu-guice/2.1.7/sisu-guice-2.1.7-noaop.jar
7fc898010000-7fc898015000 r--s 00021000 08:01 1967490                    /home/mint/.m2/repository/org/sonatype/sisu/sisu-inject-bean/1.4.2/sisu-inject-bean-1.4.2.jar
7fc898015000-7fc89801b000 r--s 0002c000 08:01 1967488                    /home/mint/.m2/repository/org/sonatype/sisu/sisu-inject-plexus/1.4.2/sisu-inject-plexus-1.4.2.jar
7fc89801b000-7fc89802e000 r--s 00345000 08:01 595729                     /opt/java/jdk1.8.0_172/jre/lib/resources.jar
7fc89802e000-7fc89802f000 ---p 00000000 00:00 0 
7fc89802f000-7fc89815a000 rw-p 00000000 00:00 0 
7fc89815a000-7fc8983b9000 ---p 00000000 00:00 0 
7fc8983b9000-7fc8983e4000 rw-p 00000000 00:00 0 
7fc8983e4000-7fc898642000 ---p 00000000 00:00 0 
7fc898642000-7fc89871b000 rw-p 00000000 00:00 0 
7fc89871b000-7fc898787000 ---p 00000000 00:00 0 
7fc898787000-7fc8987d3000 rw-p 00000000 00:00 0 
7fc8987d3000-7fc898b48000 ---p 00000000 00:00 0 
7fc898b48000-7fc898b63000 r-xp 00000000 08:01 595861                     /opt/java/jdk1.8.0_172/jre/lib/amd64/libzip.so
7fc898b63000-7fc898d63000 ---p 0001b000 08:01 595861                     /opt/java/jdk1.8.0_172/jre/lib/amd64/libzip.so
7fc898d63000-7fc898d64000 rw-p 0001b000 08:01 595861                     /opt/java/jdk1.8.0_172/jre/lib/amd64/libzip.so
7fc898d64000-7fc898d6f000 r-xp 00000000 08:01 399694                     /lib/x86_64-linux-gnu/libnss_files-2.23.so
7fc898d6f000-7fc898f6e000 ---p 0000b000 08:01 399694                     /lib/x86_64-linux-gnu/libnss_files-2.23.so
7fc898f6e000-7fc898f6f000 r--p 0000a000 08:01 399694                     /lib/x86_64-linux-gnu/libnss_files-2.23.so
7fc898f6f000-7fc898f70000 rw-p 0000b000 08:01 399694                     /lib/x86_64-linux-gnu/libnss_files-2.23.so
7fc898f70000-7fc898f76000 rw-p 00000000 00:00 0 
7fc898f76000-7fc898f81000 r-xp 00000000 08:01 399704                     /lib/x86_64-linux-gnu/libnss_nis-2.23.so
7fc898f81000-7fc899180000 ---p 0000b000 08:01 399704                     /lib/x86_64-linux-gnu/libnss_nis-2.23.so
7fc899180000-7fc899181000 r--p 0000a000 08:01 399704                     /lib/x86_64-linux-gnu/libnss_nis-2.23.so
7fc899181000-7fc899182000 rw-p 0000b000 08:01 399704                     /lib/x86_64-linux-gnu/libnss_nis-2.23.so
7fc899182000-7fc899198000 r-xp 00000000 08:01 399688                     /lib/x86_64-linux-gnu/libnsl-2.23.so
7fc899198000-7fc899397000 ---p 00016000 08:01 399688                     /lib/x86_64-linux-gnu/libnsl-2.23.so
7fc899397000-7fc899398000 r--p 00015000 08:01 399688                     /lib/x86_64-linux-gnu/libnsl-2.23.so
7fc899398000-7fc899399000 rw-p 00016000 08:01 399688                     /lib/x86_64-linux-gnu/libnsl-2.23.so
7fc899399000-7fc89939b000 rw-p 00000000 00:00 0 
7fc89939b000-7fc8993a3000 r-xp 00000000 08:01 399690                     /lib/x86_64-linux-gnu/libnss_compat-2.23.so
7fc8993a3000-7fc8995a2000 ---p 00008000 08:01 399690                     /lib/x86_64-linux-gnu/libnss_compat-2.23.so
7fc8995a2000-7fc8995a3000 r--p 00007000 08:01 399690                     /lib/x86_64-linux-gnu/libnss_compat-2.23.so
7fc8995a3000-7fc8995a4000 rw-p 00008000 08:01 399690                     /lib/x86_64-linux-gnu/libnss_compat-2.23.so
7fc8995a4000-7fc8995ae000 r-xp 00000000 08:01 595870                     /opt/java/jdk1.8.0_172/jre/lib/amd64/libinstrument.so
7fc8995ae000-7fc8997ad000 ---p 0000a000 08:01 595870                     /opt/java/jdk1.8.0_172/jre/lib/amd64/libinstrument.so
7fc8997ad000-7fc8997ae000 rw-p 00009000 08:01 595870                     /opt/java/jdk1.8.0_172/jre/lib/amd64/libinstrument.so
7fc8997ae000-7fc899a86000 r--p 00000000 08:01 10995                      /usr/lib/locale/locale-archive
7fc899a86000-7fc899a88000 r-xp 00000000 08:01 595832                     /opt/java/jdk1.8.0_172/jre/lib/amd64/libnpt.so
7fc899a88000-7fc899c88000 ---p 00002000 08:01 595832                     /opt/java/jdk1.8.0_172/jre/lib/amd64/libnpt.so
7fc899c88000-7fc899c89000 rw-p 00002000 08:01 595832                     /opt/java/jdk1.8.0_172/jre/lib/amd64/libnpt.so
7fc899c89000-7fc899cc3000 r-xp 00000000 08:01 595848                     /opt/java/jdk1.8.0_172/jre/lib/amd64/libjdwp.so
7fc899cc3000-7fc899ec2000 ---p 0003a000 08:01 595848                     /opt/java/jdk1.8.0_172/jre/lib/amd64/libjdwp.so
7fc899ec2000-7fc899ec3000 rw-p 00039000 08:01 595848                     /opt/java/jdk1.8.0_172/jre/lib/amd64/libjdwp.so
7fc899ec3000-7fc899ec4000 rw-p 00000000 00:00 0 
7fc899ec4000-7fc899eef000 r-xp 00000000 08:01 595855                     /opt/java/jdk1.8.0_172/jre/lib/amd64/libjava.so
7fc899eef000-7fc89a0ee000 ---p 0002b000 08:01 595855                     /opt/java/jdk1.8.0_172/jre/lib/amd64/libjava.so
7fc89a0ee000-7fc89a0f0000 rw-p 0002a000 08:01 595855                     /opt/java/jdk1.8.0_172/jre/lib/amd64/libjava.so
7fc89a0f0000-7fc89a0fd000 r-xp 00000000 08:01 595860                     /opt/java/jdk1.8.0_172/jre/lib/amd64/libverify.so
7fc89a0fd000-7fc89a2fd000 ---p 0000d000 08:01 595860                     /opt/java/jdk1.8.0_172/jre/lib/amd64/libverify.so
7fc89a2fd000-7fc89a2ff000 rw-p 0000d000 08:01 595860                     /opt/java/jdk1.8.0_172/jre/lib/amd64/libverify.so
7fc89a2ff000-7fc89a306000 r-xp 00000000 08:01 399749                     /lib/x86_64-linux-gnu/librt-2.23.so
7fc89a306000-7fc89a505000 ---p 00007000 08:01 399749                     /lib/x86_64-linux-gnu/librt-2.23.so
7fc89a505000-7fc89a506000 r--p 00006000 08:01 399749                     /lib/x86_64-linux-gnu/librt-2.23.so
7fc89a506000-7fc89a507000 rw-p 00007000 08:01 399749                     /lib/x86_64-linux-gnu/librt-2.23.so
7fc89a507000-7fc89a60f000 r-xp 00000000 08:01 399665                     /lib/x86_64-linux-gnu/libm-2.23.so
7fc89a60f000-7fc89a80e000 ---p 00108000 08:01 399665                     /lib/x86_64-linux-gnu/libm-2.23.so
7fc89a80e000-7fc89a80f000 r--p 00107000 08:01 399665                     /lib/x86_64-linux-gnu/libm-2.23.so
7fc89a80f000-7fc89a810000 rw-p 00108000 08:01 399665                     /lib/x86_64-linux-gnu/libm-2.23.so
7fc89a810000-7fc89b4ec000 r-xp 00000000 08:01 595837                     /opt/java/jdk1.8.0_172/jre/lib/amd64/server/libjvm.so
7fc89b4ec000-7fc89b6ec000 ---p 00cdc000 08:01 595837                     /opt/java/jdk1.8.0_172/jre/lib/amd64/server/libjvm.so
7fc89b6ec000-7fc89b7c6000 rw-p 00cdc000 08:01 595837                     /opt/java/jdk1.8.0_172/jre/lib/amd64/server/libjvm.so
7fc89b7c6000-7fc89b811000 rw-p 00000000 00:00 0 
7fc89b811000-7fc89b9d1000 r-xp 00000000 08:01 399595                     /lib/x86_64-linux-gnu/libc-2.23.so
7fc89b9d1000-7fc89bbd1000 ---p 001c0000 08:01 399595                     /lib/x86_64-linux-gnu/libc-2.23.so
7fc89bbd1000-7fc89bbd5000 r--p 001c0000 08:01 399595                     /lib/x86_64-linux-gnu/libc-2.23.so
7fc89bbd5000-7fc89bbd7000 rw-p 001c4000 08:01 399595                     /lib/x86_64-linux-gnu/libc-2.23.so
7fc89bbd7000-7fc89bbdb000 rw-p 00000000 00:00 0 
7fc89bbdb000-7fc89bbde000 r-xp 00000000 08:01 399619                     /lib/x86_64-linux-gnu/libdl-2.23.so
7fc89bbde000-7fc89bddd000 ---p 00003000 08:01 399619                     /lib/x86_64-linux-gnu/libdl-2.23.so
7fc89bddd000-7fc89bdde000 r--p 00002000 08:01 399619                     /lib/x86_64-linux-gnu/libdl-2.23.so
7fc89bdde000-7fc89bddf000 rw-p 00003000 08:01 399619                     /lib/x86_64-linux-gnu/libdl-2.23.so
7fc89bddf000-7fc89bdf5000 r-xp 00000000 08:01 595564                     /opt/java/jdk1.8.0_172/lib/amd64/jli/libjli.so
7fc89bdf5000-7fc89bff4000 ---p 00016000 08:01 595564                     /opt/java/jdk1.8.0_172/lib/amd64/jli/libjli.so
7fc89bff4000-7fc89bff5000 rw-p 00015000 08:01 595564                     /opt/java/jdk1.8.0_172/lib/amd64/jli/libjli.so
7fc89bff5000-7fc89c00d000 r-xp 00000000 08:01 399741                     /lib/x86_64-linux-gnu/libpthread-2.23.so
7fc89c00d000-7fc89c20c000 ---p 00018000 08:01 399741                     /lib/x86_64-linux-gnu/libpthread-2.23.so
7fc89c20c000-7fc89c20d000 r--p 00017000 08:01 399741                     /lib/x86_64-linux-gnu/libpthread-2.23.so
7fc89c20d000-7fc89c20e000 rw-p 00018000 08:01 399741                     /lib/x86_64-linux-gnu/libpthread-2.23.so
7fc89c20e000-7fc89c212000 rw-p 00000000 00:00 0 
7fc89c212000-7fc89c238000 r-xp 00000000 08:01 399567                     /lib/x86_64-linux-gnu/ld-2.23.so
7fc89c238000-7fc89c239000 r--s 00000000 08:01 1997101                    /home/mint/.m2/repository/org/springframework/boot/spring-boot-starter-data-jpa/2.0.6.RELEASE/spring-boot-starter-data-jpa-2.0.6.RELEASE.jar
7fc89c239000-7fc89c23b000 r--s 0000b000 08:01 1967494                    /home/mint/.m2/repository/org/apache/maven/maven-artifact/3.0/maven-artifact-3.0.jar
7fc89c23b000-7fc89c23e000 r--s 00026000 08:01 1967486                    /home/mint/.m2/repository/org/apache/maven/maven-model/3.0/maven-model-3.0.jar
7fc89c23e000-7fc89c240000 r--s 0000a000 08:01 1967484                    /home/mint/.m2/repository/org/apache/maven/maven-plugin-api/3.0/maven-plugin-api-3.0.jar
7fc89c240000-7fc89c242000 r--s 0000e000 08:01 1966740                    /home/mint/.m2/repository/org/apache/maven/plugins/maven-compiler-plugin/3.8.0/maven-compiler-plugin-3.8.0.jar
7fc89c242000-7fc89c247000 r--s 00084000 08:01 595643                     /opt/java/jdk1.8.0_172/jre/lib/jfr.jar
7fc89c247000-7fc89c318000 rw-p 00000000 00:00 0 
7fc89c318000-7fc89c31b000 ---p 00000000 00:00 0 
7fc89c31b000-7fc89c41d000 rw-p 00000000 00:00 0 
7fc89c41d000-7fc89c41e000 r--s 00006000 08:01 1967700                    /home/mint/.m2/repository/org/sonatype/plexus/plexus-sec-dispatcher/1.3/plexus-sec-dispatcher-1.3.jar
7fc89c41e000-7fc89c423000 r--s 002f9000 08:01 595692                     /opt/java/jdk1.8.0_172/jre/lib/charsets.jar
7fc89c423000-7fc89c426000 r--s 0001a000 08:01 595881                     /opt/java/jdk1.8.0_172/jre/lib/jce.jar
7fc89c426000-7fc89c42b000 r--s 0009d000 08:01 595743                     /opt/java/jdk1.8.0_172/jre/lib/jsse.jar
7fc89c42b000-7fc89c433000 rw-s 00000000 08:01 824204                     /tmp/hsperfdata_mint/16313
7fc89c433000-7fc89c434000 rw-p 00000000 00:00 0 
7fc89c434000-7fc89c435000 ---p 00000000 00:00 0 
7fc89c435000-7fc89c437000 rw-p 00000000 00:00 0 
7fc89c437000-7fc89c438000 r--p 00025000 08:01 399567                     /lib/x86_64-linux-gnu/ld-2.23.so
7fc89c438000-7fc89c439000 rw-p 00026000 08:01 399567                     /lib/x86_64-linux-gnu/ld-2.23.so
7fc89c439000-7fc89c43a000 rw-p 00000000 00:00 0 
7fff8f317000-7fff8f33b000 rw-p 00000000 00:00 0                          [stack]
7fff8f39a000-7fff8f39c000 r--p 00000000 00:00 0                          [vvar]
7fff8f39c000-7fff8f39e000 r-xp 00000000 00:00 0                          [vdso]
ffffffffff600000-ffffffffff601000 r-xp 00000000 00:00 0                  [vsyscall]

VM Arguments:
jvm_args: -agentlib:jdwp=transport=dt_socket,suspend=y,address=localhost:41481 -javaagent:/home/mint/eclipse/jee-photon/eclipse/configuration/org.eclipse.osgi/413/0/.cp/lib/javaagent-shaded.jar -Dfile.encoding=UTF-8 
java_command: com.canada.provisions.main.CartrackerApplication
java_class_path (initial): /opt/java/jdk1.8.0_172/jre/lib/resources.jar:/opt/java/jdk1.8.0_172/jre/lib/rt.jar:/opt/java/jdk1.8.0_172/jre/lib/jsse.jar:/opt/java/jdk1.8.0_172/jre/lib/jce.jar:/opt/java/jdk1.8.0_172/jre/lib/charsets.jar:/opt/java/jdk1.8.0_172/jre/lib/jfr.jar:/opt/java/jdk1.8.0_172/jre/lib/ext/zipfs.jar:/opt/java/jdk1.8.0_172/jre/lib/ext/sunpkcs11.jar:/opt/java/jdk1.8.0_172/jre/lib/ext/cldrdata.jar:/opt/java/jdk1.8.0_172/jre/lib/ext/sunjce_provider.jar:/opt/java/jdk1.8.0_172/jre/lib/ext/sunec.jar:/opt/java/jdk1.8.0_172/jre/lib/ext/localedata.jar:/opt/java/jdk1.8.0_172/jre/lib/ext/jaccess.jar:/opt/java/jdk1.8.0_172/jre/lib/ext/jfxrt.jar:/opt/java/jdk1.8.0_172/jre/lib/ext/nashorn.jar:/opt/java/jdk1.8.0_172/jre/lib/ext/dnsns.jar:/home/mint/Desktop/RepoDesk/cartracker/restservices/target/classes:/home/mint/Desktop/RepoDesk/cartracker/core/target/classes:/home/mint/.m2/repository/org/apache/maven/plugins/maven-compiler-plugin/3.8.0/maven-compiler-plugin-3.8.0.jar:/home/mint/.m2/repository/org/apache/maven/maven-plugin-api/3.0/maven-plugin-api-3.0.jar:/home/mint/.m2/repository/org/apache/maven/maven-model/3.0/maven-model-3.0.jar:/home/mint/.m2/repository/org/sonatype/sisu/sisu-inject-plexus/1.4.2/sisu-inject-plexus-1.4.2.jar:/home/mint/.m2/repository/org/sonatype/sisu/sisu-inject-bean/1.4.2/sisu-inject-bean-1.4.2.jar:/home/mint/.m2/repository/org/sonatype/sisu/sisu-guice/2.1.7/sisu-guice-2.1.7-noaop.jar:/home/mint/.m2/repository/org/apache/maven/maven-artifact/3.0/maven-artifact-3.0.jar:/home/mint/.m2/repository/org/codehaus/plexus/plexus-utils/2.0.4/plexus-utils-2.0.4.jar:/home/mint/.m2/repository/org/apache/maven/maven-core/3.0/maven-core-3.0.jar:/home/mint/.m2/repository/org/apache/maven/maven-settings/3.0/maven-settings-3.0.jar:/home/mint/.m2/repository/org/apache/maven/maven-settings-builder/3.0/maven-settings-builder-3.0.jar:/home/mint/.m2/repository/org/apache/maven/maven-repository-metadata/3.0/maven-repository-metadata-3.0.jar:/home/mint/.m2/reposit
Launcher Type: SUN_STANDARD

Environment Variables:
JAVA_HOME=/opt/java/jdk1.8.0_172
PATH=/home/mint/bin:/home/mint/.local/bin:/usr/local/sbin:/usr/local/bin:/usr/sbin:/usr/bin:/sbin:/bin:/usr/games:/usr/local/games:/opt/apache-maven-3.5.4/bin:/opt/java/jdk1.8.0_172/bin:/home/mint/.npm-global/lib/node_modules/@angular/cli/bin:/home/mint/.npm-global/lib/node_modules/typescript/bin
SHELL=/bin/bash
DISPLAY=:0

Signal Handlers:
SIGSEGV: [libjvm.so+0xad2ab0], sa_mask[0]=11111111011111111101111111111110, sa_flags=SA_RESTART|SA_SIGINFO
SIGBUS: [libjvm.so+0xad2ab0], sa_mask[0]=11111111011111111101111111111110, sa_flags=SA_RESTART|SA_SIGINFO
SIGFPE: [libjvm.so+0x92a790], sa_mask[0]=11111111011111111101111111111110, sa_flags=SA_RESTART|SA_SIGINFO
SIGPIPE: [libjvm.so+0x92a790], sa_mask[0]=11111111011111111101111111111110, sa_flags=SA_RESTART|SA_SIGINFO
SIGXFSZ: [libjvm.so+0x92a790], sa_mask[0]=11111111011111111101111111111110, sa_flags=SA_RESTART|SA_SIGINFO
SIGILL: [libjvm.so+0x92a790], sa_mask[0]=11111111011111111101111111111110, sa_flags=SA_RESTART|SA_SIGINFO
SIGUSR1: SIG_DFL, sa_mask[0]=00000000000000000000000000000000, sa_flags=none
SIGUSR2: [libjvm.so+0x92bff0], sa_mask[0]=00100000000000000000000000000000, sa_flags=SA_RESTART|SA_SIGINFO
SIGHUP: [libjvm.so+0x92d3f0], sa_mask[0]=11111111011111111101111111111110, sa_flags=SA_RESTART|SA_SIGINFO
SIGINT: [libjvm.so+0x92d3f0], sa_mask[0]=11111111011111111101111111111110, sa_flags=SA_RESTART|SA_SIGINFO
SIGTERM: [libjvm.so+0x92d3f0], sa_mask[0]=11111111011111111101111111111110, sa_flags=SA_RESTART|SA_SIGINFO
SIGQUIT: [libjvm.so+0x92d3f0], sa_mask[0]=11111111011111111101111111111110, sa_flags=SA_RESTART|SA_SIGINFO


---------------  S Y S T E M  ---------------

OS:DISTRIB_ID=LinuxMint
DISTRIB_RELEASE=18.3
DISTRIB_CODENAME=sylvia
DISTRIB_DESCRIPTION="Linux Mint 18.3 Sylvia"

uname:Linux 4.10.0-38-generic #42~16.04.1-Ubuntu SMP Tue Oct 10 16:32:20 UTC 2017 x86_64
libc:glibc 2.23 NPTL 2.23 
rlimit: STACK 8192k, CORE 0k, NPROC 30980, NOFILE 1048576, AS infinity
load average:18.00 6.45 2.59

/proc/meminfo:
MemTotal:        7978008 kB
MemFree:          118988 kB
MemAvailable:      13000 kB
Buffers:             324 kB
Cached:           149552 kB
SwapCached:            0 kB
Active:          7448560 kB
Inactive:         140872 kB
Active(anon):    7442408 kB
Inactive(anon):   134972 kB
Active(file):       6152 kB
Inactive(file):     5900 kB
Unevictable:         112 kB
Mlocked:             112 kB
SwapTotal:             0 kB
SwapFree:              0 kB
Dirty:                76 kB
Writeback:             0 kB
AnonPages:       7440324 kB
Mapped:           143504 kB
Shmem:            137168 kB
Slab:             124172 kB
SReclaimable:      44236 kB
SUnreclaim:        79936 kB
KernelStack:       18624 kB
PageTables:        69700 kB
NFS_Unstable:          0 kB
Bounce:                0 kB
WritebackTmp:          0 kB
CommitLimit:     3989004 kB
Committed_AS:   15259668 kB
VmallocTotal:   34359738367 kB
VmallocUsed:           0 kB
VmallocChunk:          0 kB
HardwareCorrupted:     0 kB
AnonHugePages:   4333568 kB
ShmemHugePages:        0 kB
ShmemPmdMapped:        0 kB
CmaTotal:              0 kB
CmaFree:               0 kB
HugePages_Total:       0
HugePages_Free:        0
HugePages_Rsvd:        0
HugePages_Surp:        0
Hugepagesize:       2048 kB
DirectMap4k:      194496 kB
DirectMap2M:     7997440 kB


CPU:total 5 (initial active 5) (5 cores per cpu, 1 threads per core) family 6 model 158 stepping 9, cmov, cx8, fxsr, mmx, sse, sse2, sse3, ssse3, sse4.1, sse4.2, popcnt, avx, avx2, aes, clmul, 3dnowpref, lzcnt, tsc, tscinvbit

/proc/cpuinfo:
processor	: 0
vendor_id	: GenuineIntel
cpu family	: 6
model		: 158
model name	: Intel(R) Core(TM) i7-7820HQ CPU @ 2.90GHz
stepping	: 9
cpu MHz		: 2904.002
cache size	: 8192 KB
physical id	: 0
siblings	: 5
core id		: 0
cpu cores	: 5
apicid		: 0
initial apicid	: 0
fpu		: yes
fpu_exception	: yes
cpuid level	: 22
wp		: yes
flags		: fpu vme de pse tsc msr pae mce cx8 apic sep mtrr pge mca cmov pat pse36 clflush mmx fxsr sse sse2 ht syscall nx rdtscp lm constant_tsc rep_good nopl xtopology nonstop_tsc pni pclmulqdq ssse3 cx16 pcid sse4_1 sse4_2 x2apic movbe popcnt aes xsave avx rdrand hypervisor lahf_lm abm 3dnowprefetch fsgsbase avx2 invpcid rdseed clflushopt
bugs		:
bogomips	: 5808.00
clflush size	: 64
cache_alignment	: 64
address sizes	: 39 bits physical, 48 bits virtual
power management:

processor	: 1
vendor_id	: GenuineIntel
cpu family	: 6
model		: 158
model name	: Intel(R) Core(TM) i7-7820HQ CPU @ 2.90GHz
stepping	: 9
cpu MHz		: 2904.002
cache size	: 8192 KB
physical id	: 0
siblings	: 5
core id		: 1
cpu cores	: 5
apicid		: 1
initial apicid	: 1
fpu		: yes
fpu_exception	: yes
cpuid level	: 22
wp		: yes
flags		: fpu vme de pse tsc msr pae mce cx8 apic sep mtrr pge mca cmov pat pse36 clflush mmx fxsr sse sse2 ht syscall nx rdtscp lm constant_tsc rep_good nopl xtopology nonstop_tsc pni pclmulqdq ssse3 cx16 pcid sse4_1 sse4_2 x2apic movbe popcnt aes xsave avx rdrand hypervisor lahf_lm abm 3dnowprefetch fsgsbase avx2 invpcid rdseed clflushopt
bugs		:
bogomips	: 5808.00
clflush size	: 64
cache_alignment	: 64
address sizes	: 39 bits physical, 48 bits virtual
power management:

processor	: 2
vendor_id	: GenuineIntel
cpu family	: 6
model		: 158
model name	: Intel(R) Core(TM) i7-7820HQ CPU @ 2.90GHz
stepping	: 9
cpu MHz		: 2904.002
cache size	: 8192 KB
physical id	: 0
siblings	: 5
core id		: 2
cpu cores	: 5
apicid		: 2
initial apicid	: 2
fpu		: yes
fpu_exception	: yes
cpuid level	: 22
wp		: yes
flags		: fpu vme de pse tsc msr pae mce cx8 apic sep mtrr pge mca cmov pat pse36 clflush mmx fxsr sse sse2 ht syscall nx rdtscp lm constant_tsc rep_good nopl xtopology nonstop_tsc pni pclmulqdq ssse3 cx16 pcid sse4_1 sse4_2 x2apic movbe popcnt aes xsave avx rdrand hypervisor lahf_lm abm 3dnowprefetch fsgsbase avx2 invpcid rdseed clflushopt
bugs		:
bogomips	: 5808.00
clflush size	: 64
cache_alignment	: 64
address sizes	: 39 bits physical, 48 bits virtual
power management:

processor	: 3
vendor_id	: GenuineIntel
cpu family	: 6
model		: 158
model name	: Intel(R) Core(TM) i7-7820HQ CPU @ 2.90GHz
stepping	: 9
cpu MHz		: 2904.002
cache size	: 8192 KB
physical id	: 0
siblings	: 5
core id		: 3
cpu cores	: 5
apicid		: 3
initial apicid	: 3
fpu		: yes
fpu_exception	: yes
cpuid level	: 22
wp		: yes
flags		: fpu vme de pse tsc msr pae mce cx8 apic sep mtrr pge mca cmov pat pse36 clflush mmx fxsr sse sse2 ht syscall nx rdtscp lm constant_tsc rep_good nopl xtopology nonstop_tsc pni pclmulqdq ssse3 cx16 pcid sse4_1 sse4_2 x2apic movbe popcnt aes xsave avx rdrand hypervisor lahf_lm abm 3dnowprefetch fsgsbase avx2 invpcid rdseed clflushopt
bugs		:
bogomips	: 5808.00
clflush size	: 64
cache_alignment	: 64
address sizes	: 39 bits physical, 48 bits virtual
power management:

processor	: 4
vendor_id	: GenuineIntel
cpu family	: 6
model		: 158
model name	: Intel(R) Core(TM) i7-7820HQ CPU @ 2.90GHz
stepping	: 9
cpu MHz		: 2904.002
cache size	: 8192 KB
physical id	: 0
siblings	: 5
core id		: 4
cpu cores	: 5
apicid		: 4
initial apicid	: 4
fpu		: yes
fpu_exception	: yes
cpuid level	: 22
wp		: yes
flags		: fpu vme de pse tsc msr pae mce cx8 apic sep mtrr pge mca cmov pat pse36 clflush mmx fxsr sse sse2 ht syscall nx rdtscp lm constant_tsc rep_good nopl xtopology nonstop_tsc pni pclmulqdq ssse3 cx16 pcid sse4_1 sse4_2 x2apic movbe popcnt aes xsave avx rdrand hypervisor lahf_lm abm 3dnowprefetch fsgsbase avx2 invpcid rdseed clflushopt
bugs		:
bogomips	: 5808.00
clflush size	: 64
cache_alignment	: 64
address sizes	: 39 bits physical, 48 bits virtual
power management:



Memory: 4k page, physical 7978008k(118988k free), swap 0k(0k free)

vm_info: Java HotSpot(TM) 64-Bit Server VM (25.172-b11) for linux-amd64 JRE (1.8.0_172-b11), built on Mar 28 2018 21:44:09 by "java_re" with gcc 4.3.0 20080428 (Red Hat 4.3.0-8)

time: Sat Jan 12 16:38:17 2019
elapsed time: 40 seconds (0d 0h 0m 40s)

