#
# There is insufficient memory for the Java Runtime Environment to continue.
# Native memory allocation (mmap) failed to map 94371840 bytes for committing reserved memory.
# Possible reasons:
#   The system is out of physical RAM or swap space
#   In 32 bit mode, the process size limit was hit
# Possible solutions:
#   Reduce memory load on the system
#   Increase physical memory or swap space
#   Check if swap backing store is full
#   Use 64 bit Java on a 64 bit OS
#   Decrease Java heap size (-Xmx/-Xms)
#   Decrease number of Java threads
#   Decrease Java thread stack sizes (-Xss)
#   Set larger code cache with -XX:ReservedCodeCacheSize=
# This output file may be truncated or incomplete.
#
#  Out of Memory Error (os_linux.cpp:2640), pid=9522, tid=0x00007f0b93bfb700
#
# JRE version: Java(TM) SE Runtime Environment (8.0_172-b11) (build 1.8.0_172-b11)
# Java VM: Java HotSpot(TM) 64-Bit Server VM (25.172-b11 mixed mode linux-amd64 compressed oops)
# Failed to write core dump. Core dumps have been disabled. To enable core dumping, try "ulimit -c unlimited" before starting Java again
#

---------------  T H R E A D  ---------------

Current thread (0x00007f0bac080000):  VMThread [stack: 0x00007f0b93afb000,0x00007f0b93bfc000] [id=9536]

Stack: [0x00007f0b93afb000,0x00007f0b93bfc000],  sp=0x00007f0b93bf9fa0,  free space=1019k
Native frames: (J=compiled Java code, j=interpreted, Vv=VM code, C=native code)
V  [libjvm.so+0xad221a]  VMError::report_and_die()+0x2ba
V  [libjvm.so+0x50185b]  report_vm_out_of_memory(char const*, int, unsigned long, VMErrorType, char const*)+0x8b
V  [libjvm.so+0x92fee3]  os::Linux::commit_memory_impl(char*, unsigned long, bool)+0x123
V  [libjvm.so+0x930109]  os::pd_commit_memory(char*, unsigned long, unsigned long, bool)+0x29
V  [libjvm.so+0x9273ca]  os::commit_memory(char*, unsigned long, unsigned long, bool)+0x2a
V  [libjvm.so+0x99d363]  PSVirtualSpace::expand_by(unsigned long)+0x53
V  [libjvm.so+0x99e768]  PSYoungGen::resize_generation(unsigned long, unsigned long)+0xf8
V  [libjvm.so+0x99d8c2]  PSYoungGen::resize(unsigned long, unsigned long)+0x22
V  [libjvm.so+0x99ab9b]  PSScavenge::invoke_no_policy()+0xf3b
V  [libjvm.so+0x99b321]  PSScavenge::invoke()+0x41
V  [libjvm.so+0x951df0]  ParallelScavengeHeap::failed_mem_allocate(unsigned long)+0x70
V  [libjvm.so+0xad3c97]  VM_ParallelGCFailedAllocation::doit()+0x97
V  [libjvm.so+0xadb7b5]  VM_Operation::evaluate()+0x55
V  [libjvm.so+0xad9b7a]  VMThread::evaluate_operation(VM_Operation*)+0xba
V  [libjvm.so+0xad9efe]  VMThread::loop()+0x1ce
V  [libjvm.so+0xada370]  VMThread::run()+0x70
V  [libjvm.so+0x930248]  java_start(Thread*)+0x108

VM_Operation (0x00007f0b91b81310): ParallelGCFailedAllocation, mode: safepoint, requested by thread 0x00007f0b543d0000


---------------  P R O C E S S  ---------------

Java Threads: ( => current thread )
  0x00007f0b543d0000 JavaThread "localhost-startStop-1" daemon [_thread_blocked, id=9552, stack(0x00007f0b91a84000,0x00007f0b91b85000)]
  0x00007f0bacea6000 JavaThread "Tomcat-startStop-1" daemon [_thread_blocked, id=9551, stack(0x00007f0b92c4c000,0x00007f0b92d4d000)]
  0x00007f0bac0db800 JavaThread "Service Thread" daemon [_thread_blocked, id=9543, stack(0x00007f0b9311c000,0x00007f0b9321d000)]
  0x00007f0bac0c6000 JavaThread "C1 CompilerThread2" daemon [_thread_blocked, id=9542, stack(0x00007f0b9321d000,0x00007f0b9331e000)]
  0x00007f0bac0c4800 JavaThread "C2 CompilerThread1" daemon [_thread_blocked, id=9541, stack(0x00007f0b9331e000,0x00007f0b9341f000)]
  0x00007f0bac0c1800 JavaThread "C2 CompilerThread0" daemon [_thread_blocked, id=9540, stack(0x00007f0b9341f000,0x00007f0b93520000)]
  0x00007f0bac0c0000 JavaThread "Signal Dispatcher" daemon [_thread_blocked, id=9539, stack(0x00007f0b93520000,0x00007f0b93621000)]
  0x00007f0bac08c800 JavaThread "Finalizer" daemon [_thread_blocked, id=9538, stack(0x00007f0b938f9000,0x00007f0b939fa000)]
  0x00007f0bac08a000 JavaThread "Reference Handler" daemon [_thread_blocked, id=9537, stack(0x00007f0b939fa000,0x00007f0b93afb000)]
  0x00007f0bac010800 JavaThread "main" [_thread_blocked, id=9530, stack(0x00007f0bb48b3000,0x00007f0bb49b4000)]

Other Threads:
=>0x00007f0bac080000 VMThread [stack: 0x00007f0b93afb000,0x00007f0b93bfc000] [id=9536]
  0x00007f0bac0e0000 WatcherThread [stack: 0x00007f0b9301b000,0x00007f0b9311c000] [id=9544]

VM state:at safepoint (normal execution)

VM Mutex/Monitor currently owned by a thread:  ([mutex/lock_event])
[0x00007f0bac00c8a0] Threads_lock - owner thread: 0x00007f0bac080000
[0x00007f0bac00cda0] Heap_lock - owner thread: 0x00007f0b543d0000

Heap:
 PSYoungGen      total 227328K, used 16877K [0x00000000d7700000, 0x00000000e6c80000, 0x0000000100000000)
  eden space 210432K, 0% used [0x00000000d7700000,0x00000000d7700000,0x00000000e4480000)
  from space 16896K, 99% used [0x00000000e4480000,0x00000000e54fb538,0x00000000e5500000)
  to   space 10752K, 0% used [0x00000000e5500000,0x00000000e5500000,0x00000000e5f80000)
 ParOldGen       total 48128K, used 25906K [0x0000000086400000, 0x0000000089300000, 0x00000000d7700000)
  object space 48128K, 53% used [0x0000000086400000,0x0000000087d4c9d0,0x0000000089300000)
 Metaspace       used 33167K, capacity 34566K, committed 34812K, reserved 1079296K
  class space    used 4281K, capacity 4562K, committed 4604K, reserved 1048576K

Card table byte_map: [0x00007f0bb1274000,0x00007f0bb1643000] byte_map_base: 0x00007f0bb0e42000

Marking Bits: (ParMarkBitMap*) 0x00007f0bb3d7ede0
 Begin Bits: [0x00007f0b99320000, 0x00007f0b9b190000)
 End Bits:   [0x00007f0b9b190000, 0x00007f0b9d000000)

Polling page: 0x00007f0bb49cf000

CodeCache: size=245760Kb used=11797Kb max_used=11797Kb free=233962Kb
 bounds [0x00007f0b9d000000, 0x00007f0b9db90000, 0x00007f0bac000000]
 total_blobs=3981 nmethods=3580 adapters=314
 compilation: enabled

Compilation events (10 events):
Event: 4.454 Thread 0x00007f0bac0c4800 3579       4       org.springframework.beans.factory.support.AbstractBeanFactory::getMergedLocalBeanDefinition (31 bytes)
Event: 4.454 Thread 0x00007f0bac0c6000 nmethod 3598 0x00007f0b9db78e10 code [0x00007f0b9db79020, 0x00007f0b9db79b78]
Event: 4.454 Thread 0x00007f0bac0c6000 3597   !   3       org.springframework.util.ReflectionUtils::getDeclaredMethods (186 bytes)
Event: 4.457 Thread 0x00007f0bac0c6000 nmethod 3597 0x00007f0b9db82010 code [0x00007f0b9db824a0, 0x00007f0b9db84f78]
Event: 4.457 Thread 0x00007f0bac0c6000 3588       3       java.lang.reflect.Method::specificToGenericStringHeader (48 bytes)
Event: 4.458 Thread 0x00007f0bac0c6000 nmethod 3588 0x00007f0b9db86890 code [0x00007f0b9db86bc0, 0x00007f0b9db88628]
Event: 4.458 Thread 0x00007f0bac0c6000 3594       3       com.sun.beans.TypeResolver::erase (167 bytes)
Event: 4.459 Thread 0x00007f0bac0c6000 nmethod 3594 0x00007f0b9db89750 code [0x00007f0b9db89a80, 0x00007f0b9db8b748]
Event: 4.459 Thread 0x00007f0bac0c6000 3591       3       java.beans.FeatureDescriptor::setTransient (30 bytes)
Event: 4.461 Thread 0x00007f0bac0c6000 nmethod 3591 0x00007f0b9db77f90 code [0x00007f0b9db781a0, 0x00007f0b9db78a98]

GC Heap History (10 events):
Event: 1.687 GC heap after
Heap after GC invocations=5 (full 0):
 PSYoungGen      total 67584K, used 5118K [0x00000000d7700000, 0x00000000e0200000, 0x0000000100000000)
  eden space 62464K, 0% used [0x00000000d7700000,0x00000000d7700000,0x00000000db400000)
  from space 5120K, 99% used [0x00000000db400000,0x00000000db8ffa90,0x00000000db900000)
  to   space 8704K, 0% used [0x00000000df980000,0x00000000df980000,0x00000000e0200000)
 ParOldGen       total 83456K, used 4672K [0x0000000086400000, 0x000000008b580000, 0x00000000d7700000)
  object space 83456K, 5% used [0x0000000086400000,0x0000000086890268,0x000000008b580000)
 Metaspace       used 20630K, capacity 21228K, committed 21552K, reserved 1069056K
  class space    used 2655K, capacity 2819K, committed 2864K, reserved 1048576K
}
Event: 1.744 GC heap before
{Heap before GC invocations=6 (full 0):
 PSYoungGen      total 67584K, used 14992K [0x00000000d7700000, 0x00000000e0200000, 0x0000000100000000)
  eden space 62464K, 15% used [0x00000000d7700000,0x00000000d80a48e0,0x00000000db400000)
  from space 5120K, 99% used [0x00000000db400000,0x00000000db8ffa90,0x00000000db900000)
  to   space 8704K, 0% used [0x00000000df980000,0x00000000df980000,0x00000000e0200000)
 ParOldGen       total 83456K, used 4672K [0x0000000086400000, 0x000000008b580000, 0x00000000d7700000)
  object space 83456K, 5% used [0x0000000086400000,0x0000000086890268,0x000000008b580000)
 Metaspace       used 20957K, capacity 21484K, committed 21628K, reserved 1069056K
  class space    used 2698K, capacity 2883K, committed 2940K, reserved 1048576K
Event: 1.749 GC heap after
Heap after GC invocations=6 (full 0):
 PSYoungGen      total 132608K, used 5254K [0x00000000d7700000, 0x00000000e0100000, 0x0000000100000000)
  eden space 124928K, 0% used [0x00000000d7700000,0x00000000d7700000,0x00000000df100000)
  from space 7680K, 68% used [0x00000000df980000,0x00000000dfea1920,0x00000000e0100000)
  to   space 8192K, 0% used [0x00000000df100000,0x00000000df100000,0x00000000df900000)
 ParOldGen       total 83456K, used 4680K [0x0000000086400000, 0x000000008b580000, 0x00000000d7700000)
  object space 83456K, 5% used [0x0000000086400000,0x0000000086892268,0x000000008b580000)
 Metaspace       used 20957K, capacity 21484K, committed 21628K, reserved 1069056K
  class space    used 2698K, capacity 2883K, committed 2940K, reserved 1048576K
}
Event: 1.749 GC heap before
{Heap before GC invocations=7 (full 1):
 PSYoungGen      total 132608K, used 5254K [0x00000000d7700000, 0x00000000e0100000, 0x0000000100000000)
  eden space 124928K, 0% used [0x00000000d7700000,0x00000000d7700000,0x00000000df100000)
  from space 7680K, 68% used [0x00000000df980000,0x00000000dfea1920,0x00000000e0100000)
  to   space 8192K, 0% used [0x00000000df100000,0x00000000df100000,0x00000000df900000)
 ParOldGen       total 83456K, used 4680K [0x0000000086400000, 0x000000008b580000, 0x00000000d7700000)
  object space 83456K, 5% used [0x0000000086400000,0x0000000086892268,0x000000008b580000)
 Metaspace       used 20957K, capacity 21484K, committed 21628K, reserved 1069056K
  class space    used 2698K, capacity 2883K, committed 2940K, reserved 1048576K
Event: 1.777 GC heap after
Heap after GC invocations=7 (full 1):
 PSYoungGen      total 132608K, used 0K [0x00000000d7700000, 0x00000000e0100000, 0x0000000100000000)
  eden space 124928K, 0% used [0x00000000d7700000,0x00000000d7700000,0x00000000df100000)
  from space 7680K, 0% used [0x00000000df980000,0x00000000df980000,0x00000000e0100000)
  to   space 8192K, 0% used [0x00000000df100000,0x00000000df100000,0x00000000df900000)
 ParOldGen       total 48128K, used 5659K [0x0000000086400000, 0x0000000089300000, 0x00000000d7700000)
  object space 48128K, 11% used [0x0000000086400000,0x0000000086986cd0,0x0000000089300000)
 Metaspace       used 20957K, capacity 21484K, committed 21628K, reserved 1069056K
  class space    used 2698K, capacity 2883K, committed 2940K, reserved 1048576K
}
Event: 2.356 GC heap before
{Heap before GC invocations=8 (full 1):
 PSYoungGen      total 132608K, used 124928K [0x00000000d7700000, 0x00000000e0100000, 0x0000000100000000)
  eden space 124928K, 100% used [0x00000000d7700000,0x00000000df100000,0x00000000df100000)
  from space 7680K, 0% used [0x00000000df980000,0x00000000df980000,0x00000000e0100000)
  to   space 8192K, 0% used [0x00000000df100000,0x00000000df100000,0x00000000df900000)
 ParOldGen       total 48128K, used 5659K [0x0000000086400000, 0x0000000089300000, 0x00000000d7700000)
  object space 48128K, 11% used [0x0000000086400000,0x0000000086986cd0,0x0000000089300000)
 Metaspace       used 24370K, capacity 25140K, committed 25340K, reserved 1071104K
  class space    used 3116K, capacity 3309K, committed 3324K, reserved 1048576K
Event: 2.380 GC heap after
Heap after GC invocations=8 (full 1):
 PSYoungGen      total 133120K, used 8171K [0x00000000d7700000, 0x00000000e5f80000, 0x0000000100000000)
  eden space 124928K, 0% used [0x00000000d7700000,0x00000000d7700000,0x00000000df100000)
  from space 8192K, 99% used [0x00000000df100000,0x00000000df8fafc0,0x00000000df900000)
  to   space 10752K, 0% used [0x00000000e5500000,0x00000000e5500000,0x00000000e5f80000)
 ParOldGen       total 48128K, used 8121K [0x0000000086400000, 0x0000000089300000, 0x00000000d7700000)
  object space 48128K, 16% used [0x0000000086400000,0x0000000086bee5a8,0x0000000089300000)
 Metaspace       used 24370K, capacity 25140K, committed 25340K, reserved 1071104K
  class space    used 3116K, capacity 3309K, committed 3324K, reserved 1048576K
}
Event: 2.734 GC heap before
{Heap before GC invocations=9 (full 1):
 PSYoungGen      total 133120K, used 133099K [0x00000000d7700000, 0x00000000e5f80000, 0x0000000100000000)
  eden space 124928K, 100% used [0x00000000d7700000,0x00000000df100000,0x00000000df100000)
  from space 8192K, 99% used [0x00000000df100000,0x00000000df8fafc0,0x00000000df900000)
  to   space 10752K, 0% used [0x00000000e5500000,0x00000000e5500000,0x00000000e5f80000)
 ParOldGen       total 48128K, used 8121K [0x0000000086400000, 0x0000000089300000, 0x00000000d7700000)
  object space 48128K, 16% used [0x0000000086400000,0x0000000086bee5a8,0x0000000089300000)
 Metaspace       used 24458K, capacity 25204K, committed 25340K, reserved 1071104K
  class space    used 3120K, capacity 3309K, committed 3324K, reserved 1048576K
Event: 2.753 GC heap after
Heap after GC invocations=9 (full 1):
 PSYoungGen      total 221184K, used 10736K [0x00000000d7700000, 0x00000000e6c80000, 0x0000000100000000)
  eden space 210432K, 0% used [0x00000000d7700000,0x00000000d7700000,0x00000000e4480000)
  from space 10752K, 99% used [0x00000000e5500000,0x00000000e5f7c0a0,0x00000000e5f80000)
  to   space 16896K, 0% used [0x00000000e4480000,0x00000000e4480000,0x00000000e5500000)
 ParOldGen       total 48128K, used 18863K [0x0000000086400000, 0x0000000089300000, 0x00000000d7700000)
  object space 48128K, 39% used [0x0000000086400000,0x000000008766bc10,0x0000000089300000)
 Metaspace       used 24458K, capacity 25204K, committed 25340K, reserved 1071104K
  class space    used 3120K, capacity 3309K, committed 3324K, reserved 1048576K
}
Event: 4.462 GC heap before
{Heap before GC invocations=10 (full 1):
 PSYoungGen      total 221184K, used 221168K [0x00000000d7700000, 0x00000000e6c80000, 0x0000000100000000)
  eden space 210432K, 100% used [0x00000000d7700000,0x00000000e4480000,0x00000000e4480000)
  from space 10752K, 99% used [0x00000000e5500000,0x00000000e5f7c0a0,0x00000000e5f80000)
  to   space 16896K, 0% used [0x00000000e4480000,0x00000000e4480000,0x00000000e5500000)
 ParOldGen       total 48128K, used 18863K [0x0000000086400000, 0x0000000089300000, 0x00000000d7700000)
  object space 48128K, 39% used [0x0000000086400000,0x000000008766bc10,0x0000000089300000)
 Metaspace       used 33167K, capacity 34566K, committed 34812K, reserved 1079296K
  class space    used 4281K, capacity 4562K, committed 4604K, reserved 1048576K

Deoptimization events (10 events):
Event: 3.919 Thread 0x00007f0bac010800 Uncommon trap: reason=unstable_if action=reinterpret pc=0x00007f0b9d4fde5c method=java.util.Properties.loadConvert([CII[C)Ljava/lang/String; @ 57
Event: 3.965 Thread 0x00007f0bac010800 Uncommon trap: reason=unstable_if action=reinterpret pc=0x00007f0b9d4e7db8 method=sun.misc.ASCIICaseInsensitiveComparator.compare(Ljava/lang/String;Ljava/lang/String;)I @ 83
Event: 3.976 Thread 0x00007f0bac010800 Uncommon trap: reason=predicate action=maybe_recompile pc=0x00007f0b9d385b80 method=java.lang.String.regionMatches(ZILjava/lang/String;II)Z @ 63
Event: 4.087 Thread 0x00007f0bac010800 Uncommon trap: reason=unstable_if action=reinterpret pc=0x00007f0b9dac5d1c method=java.util.Properties.load0(Ljava/util/Properties$LineReader;)V @ 161
Event: 4.179 Thread 0x00007f0bac010800 Uncommon trap: reason=unstable_if action=reinterpret pc=0x00007f0b9d61a430 method=com.sun.org.apache.xerces.internal.util.SymbolTable.addSymbol([CII)Ljava/lang/String; @ 38
Event: 4.269 Thread 0x00007f0b543d0000 Uncommon trap: reason=unstable_if action=reinterpret pc=0x00007f0b9d4eaa38 method=java.io.UnixFileSystem.resolve(Ljava/lang/String;Ljava/lang/String;)Ljava/lang/String; @ 6
Event: 4.281 Thread 0x00007f0b543d0000 Uncommon trap: reason=class_check action=maybe_recompile pc=0x00007f0b9dacd830 method=java.util.zip.InflaterInputStream.read([BII)I @ 100
Event: 4.281 Thread 0x00007f0b543d0000 Uncommon trap: reason=class_check action=maybe_recompile pc=0x00007f0b9dacd830 method=java.util.zip.InflaterInputStream.read([BII)I @ 100
Event: 4.281 Thread 0x00007f0b543d0000 Uncommon trap: reason=class_check action=maybe_recompile pc=0x00007f0b9dacd830 method=java.util.zip.InflaterInputStream.read([BII)I @ 100
Event: 4.281 Thread 0x00007f0b543d0000 Uncommon trap: reason=class_check action=maybe_recompile pc=0x00007f0b9dacd830 method=java.util.zip.InflaterInputStream.read([BII)I @ 100

Classes redefined (0 events):
No events

Internal exceptions (10 events):
Event: 4.440 Thread 0x00007f0b543d0000 Exception <a 'java/lang/ClassNotFoundException': org/springframework/web/filter/CharacterEncodingFilterCustomizer> (0x00000000e40f6598) thrown at [/HUDSON/workspace/8-2-build-linux-amd64/jdk8u172/10810/hotspot/src/share/vm/classfile/systemDictionary.cpp, 
Event: 4.441 Thread 0x00007f0b543d0000 Exception <a 'java/lang/ClassNotFoundException': org/springframework/boot/web/servlet/filter/OrderedCharacterEncodingFilterCustomizer> (0x00000000e412f3a8) thrown at [/HUDSON/workspace/8-2-build-linux-amd64/jdk8u172/10810/hotspot/src/share/vm/classfile/sy
Event: 4.442 Thread 0x00007f0b543d0000 Exception <a 'java/lang/ClassNotFoundException': org/springframework/core/OrderedCustomizer> (0x00000000e41580d0) thrown at [/HUDSON/workspace/8-2-build-linux-amd64/jdk8u172/10810/hotspot/src/share/vm/classfile/systemDictionary.cpp, line 210]
Event: 4.442 Thread 0x00007f0b543d0000 Exception <a 'java/lang/ClassNotFoundException': javax/servlet/FilterCustomizer> (0x00000000e4171420) thrown at [/HUDSON/workspace/8-2-build-linux-amd64/jdk8u172/10810/hotspot/src/share/vm/classfile/systemDictionary.cpp, line 210]
Event: 4.442 Thread 0x00007f0b543d0000 Exception <a 'java/lang/ClassNotFoundException': org/springframework/beans/factory/BeanNameAwareCustomizer> (0x00000000e41960e8) thrown at [/HUDSON/workspace/8-2-build-linux-amd64/jdk8u172/10810/hotspot/src/share/vm/classfile/systemDictionary.cpp, line 21
Event: 4.443 Thread 0x00007f0b543d0000 Exception <a 'java/lang/ClassNotFoundException': org/springframework/context/EnvironmentAwareCustomizer> (0x00000000e41b9150) thrown at [/HUDSON/workspace/8-2-build-linux-amd64/jdk8u172/10810/hotspot/src/share/vm/classfile/systemDictionary.cpp, line 210]
Event: 4.444 Thread 0x00007f0b543d0000 Exception <a 'java/lang/ClassNotFoundException': org/springframework/core/env/EnvironmentCapableCustomizer> (0x00000000e41dd778) thrown at [/HUDSON/workspace/8-2-build-linux-amd64/jdk8u172/10810/hotspot/src/share/vm/classfile/systemDictionary.cpp, line 21
Event: 4.444 Thread 0x00007f0b543d0000 Exception <a 'java/lang/ClassNotFoundException': org/springframework/web/context/ServletContextAwareCustomizer> (0x00000000e4204058) thrown at [/HUDSON/workspace/8-2-build-linux-amd64/jdk8u172/10810/hotspot/src/share/vm/classfile/systemDictionary.cpp, lin
Event: 4.445 Thread 0x00007f0b543d0000 Exception <a 'java/lang/ClassNotFoundException': org/springframework/beans/factory/InitializingBeanCustomizer> (0x00000000e4229fc0) thrown at [/HUDSON/workspace/8-2-build-linux-amd64/jdk8u172/10810/hotspot/src/share/vm/classfile/systemDictionary.cpp, line
Event: 4.445 Thread 0x00007f0b543d0000 Exception <a 'java/lang/ClassNotFoundException': org/springframework/beans/factory/DisposableBeanCustomizer> (0x00000000e424df00) thrown at [/HUDSON/workspace/8-2-build-linux-amd64/jdk8u172/10810/hotspot/src/share/vm/classfile/systemDictionary.cpp, line 2

Events (10 events):
Event: 4.459 loading class java/util/stream/SortedOps$OfRef done
Event: 4.459 Executing VM operation: Deoptimize
Event: 4.460 Executing VM operation: Deoptimize done
Event: 4.460 loading class java/util/stream/SortedOps$SizedRefSortingSink
Event: 4.460 loading class java/util/stream/SortedOps$AbstractRefSortingSink
Event: 4.460 loading class java/util/stream/SortedOps$AbstractRefSortingSink done
Event: 4.460 loading class java/util/stream/SortedOps$SizedRefSortingSink done
Event: 4.461 loading class org/apache/catalina/core/ApplicationServletRegistration
Event: 4.461 loading class org/apache/catalina/core/ApplicationServletRegistration done
Event: 4.462 Executing VM operation: ParallelGCFailedAllocation


Dynamic libraries:
00400000-00401000 r-xp 00000000 08:01 594312                             /opt/java/jdk1.8.0_172/bin/java
00600000-00601000 rw-p 00000000 08:01 594312                             /opt/java/jdk1.8.0_172/bin/java
01620000-01641000 rw-p 00000000 00:00 0                                  [heap]
86400000-89300000 rw-p 00000000 00:00 0 
89300000-d7700000 ---p 00000000 00:00 0 
d7700000-e6c80000 rw-p 00000000 00:00 0 
ec680000-100000000 ---p 00000000 00:00 0 
100000000-10047f000 rw-p 00000000 00:00 0 
10047f000-140000000 ---p 00000000 00:00 0 
7f0b50000000-7f0b50056000 rw-p 00000000 00:00 0 
7f0b50056000-7f0b54000000 ---p 00000000 00:00 0 
7f0b54000000-7f0b544e7000 rw-p 00000000 00:00 0 
7f0b544e7000-7f0b58000000 ---p 00000000 00:00 0 
7f0b58fff000-7f0b5c000000 rw-p 00000000 00:00 0 
7f0b5c000000-7f0b5c021000 rw-p 00000000 00:00 0 
7f0b5c021000-7f0b60000000 ---p 00000000 00:00 0 
7f0b60000000-7f0b60021000 rw-p 00000000 00:00 0 
7f0b60021000-7f0b64000000 ---p 00000000 00:00 0 
7f0b64000000-7f0b656cf000 rw-p 00000000 00:00 0 
7f0b656cf000-7f0b68000000 ---p 00000000 00:00 0 
7f0b68000000-7f0b68a07000 rw-p 00000000 00:00 0 
7f0b68a07000-7f0b6c000000 ---p 00000000 00:00 0 
7f0b6c000000-7f0b6c021000 rw-p 00000000 00:00 0 
7f0b6c021000-7f0b70000000 ---p 00000000 00:00 0 
7f0b70000000-7f0b719ef000 rw-p 00000000 00:00 0 
7f0b719ef000-7f0b74000000 ---p 00000000 00:00 0 
7f0b74000000-7f0b74021000 rw-p 00000000 00:00 0 
7f0b74021000-7f0b78000000 ---p 00000000 00:00 0 
7f0b78000000-7f0b78021000 rw-p 00000000 00:00 0 
7f0b78021000-7f0b7c000000 ---p 00000000 00:00 0 
7f0b7c000000-7f0b7c021000 rw-p 00000000 00:00 0 
7f0b7c021000-7f0b80000000 ---p 00000000 00:00 0 
7f0b80000000-7f0b80292000 rw-p 00000000 00:00 0 
7f0b80292000-7f0b84000000 ---p 00000000 00:00 0 
7f0b84000000-7f0b84021000 rw-p 00000000 00:00 0 
7f0b84021000-7f0b88000000 ---p 00000000 00:00 0 
7f0b88000000-7f0b88021000 rw-p 00000000 00:00 0 
7f0b88021000-7f0b8c000000 ---p 00000000 00:00 0 
7f0b8c000000-7f0b8c021000 rw-p 00000000 00:00 0 
7f0b8c021000-7f0b90000000 ---p 00000000 00:00 0 
7f0b90e7a000-7f0b90ffa000 rw-p 00000000 00:00 0 
7f0b90ffa000-7f0b9107a000 ---p 00000000 00:00 0 
7f0b9107a000-7f0b9107f000 r--s 002f9000 08:01 595692                     /opt/java/jdk1.8.0_172/jre/lib/charsets.jar
7f0b9107f000-7f0b91084000 r--s 0009d000 08:01 595743                     /opt/java/jdk1.8.0_172/jre/lib/jsse.jar
7f0b91084000-7f0b91284000 rw-p 00000000 00:00 0 
7f0b91284000-7f0b91484000 rw-p 00000000 00:00 0 
7f0b91484000-7f0b91684000 rw-p 00000000 00:00 0 
7f0b91684000-7f0b91884000 rw-p 00000000 00:00 0 
7f0b91884000-7f0b91a84000 rw-p 00000000 00:00 0 
7f0b91a84000-7f0b91a87000 ---p 00000000 00:00 0 
7f0b91a87000-7f0b91d85000 rw-p 00000000 00:00 0 
7f0b91d85000-7f0b91d96000 r-xp 00000000 08:01 595868                     /opt/java/jdk1.8.0_172/jre/lib/amd64/libnio.so
7f0b91d96000-7f0b91f95000 ---p 00011000 08:01 595868                     /opt/java/jdk1.8.0_172/jre/lib/amd64/libnio.so
7f0b91f95000-7f0b91f96000 rw-p 00010000 08:01 595868                     /opt/java/jdk1.8.0_172/jre/lib/amd64/libnio.so
7f0b91f96000-7f0b92196000 rw-p 00000000 00:00 0 
7f0b92196000-7f0b92396000 rw-p 00000000 00:00 0 
7f0b92396000-7f0b92596000 rw-p 00000000 00:00 0 
7f0b92596000-7f0b925ac000 r-xp 00000000 08:01 595865                     /opt/java/jdk1.8.0_172/jre/lib/amd64/libnet.so
7f0b925ac000-7f0b927ac000 ---p 00016000 08:01 595865                     /opt/java/jdk1.8.0_172/jre/lib/amd64/libnet.so
7f0b927ac000-7f0b927ad000 rw-p 00016000 08:01 595865                     /opt/java/jdk1.8.0_172/jre/lib/amd64/libnet.so
7f0b927ad000-7f0b927b6000 r-xp 00000000 08:01 595873                     /opt/java/jdk1.8.0_172/jre/lib/amd64/libmanagement.so
7f0b927b6000-7f0b929b5000 ---p 00009000 08:01 595873                     /opt/java/jdk1.8.0_172/jre/lib/amd64/libmanagement.so
7f0b929b5000-7f0b929b6000 rw-p 00008000 08:01 595873                     /opt/java/jdk1.8.0_172/jre/lib/amd64/libmanagement.so
7f0b929b6000-7f0b92a4c000 r--s 0110d000 08:01 595747                     /opt/java/jdk1.8.0_172/jre/lib/ext/jfxrt.jar
7f0b92a4c000-7f0b92c4c000 rw-p 00000000 00:00 0 
7f0b92c4c000-7f0b92c4f000 ---p 00000000 00:00 0 
7f0b92c4f000-7f0b92d4d000 rw-p 00000000 00:00 0 
7f0b92d4d000-7f0b92d67000 r--s 0011b000 08:01 2758138                    /home/mint/.m2/repository/org/springframework/spring-web/5.0.10.RELEASE/spring-web-5.0.10.RELEASE.jar
7f0b92d67000-7f0b92d76000 r--s 000b3000 08:01 2758135                    /home/mint/.m2/repository/org/springframework/spring-webmvc/5.0.10.RELEASE/spring-webmvc-5.0.10.RELEASE.jar
7f0b92d76000-7f0b92d7f000 r--s 000ed000 08:01 2758133                    /home/mint/.m2/repository/mysql/mysql-connector-java/5.1.47/mysql-connector-java-5.1.47.jar
7f0b92d7f000-7f0b92d84000 r--s 00022000 08:01 2624805                    /home/mint/.m2/repository/org/xmlunit/xmlunit-core/2.5.1/xmlunit-core-2.5.1.jar
7f0b92d84000-7f0b92d92000 r--s 00087000 08:01 2758129                    /home/mint/.m2/repository/org/springframework/spring-test/5.0.10.RELEASE/spring-test-5.0.10.RELEASE.jar
7f0b92d92000-7f0b92d93000 r--s 00004000 08:01 1968976                    /home/mint/.m2/repository/com/vaadin/external/google/android-json/0.0.20131108.vaadin1/android-json-0.0.20131108.vaadin1.jar
7f0b92d93000-7f0b92d95000 r--s 00006000 08:01 1968974                    /home/mint/.m2/repository/org/skyscreamer/jsonassert/1.5.0/jsonassert-1.5.0.jar
7f0b92d95000-7f0b92d96000 r--s 0000c000 08:01 1968971                    /home/mint/.m2/repository/org/hamcrest/hamcrest-library/1.3/hamcrest-library-1.3.jar
7f0b92d96000-7f0b92d98000 r--s 00009000 08:01 1968969                    /home/mint/.m2/repository/org/hamcrest/hamcrest-core/1.3/hamcrest-core-1.3.jar
7f0b92d98000-7f0b92d9a000 r--s 0000c000 08:01 1968959                    /home/mint/.m2/repository/org/objenesis/objenesis/2.6/objenesis-2.6.jar
7f0b92d9a000-7f0b92d9c000 r--s 00009000 08:01 2636889                    /home/mint/.m2/repository/net/bytebuddy/byte-buddy-agent/1.7.11/byte-buddy-agent-1.7.11.jar
7f0b92d9c000-7f0b92dd8000 r--s 00290000 08:01 2398342                    /home/mint/.m2/repository/net/bytebuddy/byte-buddy/1.7.11/byte-buddy-1.7.11.jar
7f0b92dd8000-7f0b92de8000 r--s 00075000 08:01 2636886                    /home/mint/.m2/repository/org/mockito/mockito-core/2.15.0/mockito-core-2.15.0.jar
7f0b92de8000-7f0b92e3d000 r--s 00367000 08:01 2624797                    /home/mint/.m2/repository/org/assertj/assertj-core/3.9.1/assertj-core-3.9.1.jar
7f0b92e3d000-7f0b92e45000 r--s 00045000 08:01 1968809                    /home/mint/.m2/repository/junit/junit/4.12/junit-4.12.jar
7f0b92e45000-7f0b92e47000 r--s 00006000 08:01 1968774                    /home/mint/.m2/repository/net/minidev/accessors-smart/1.2/accessors-smart-1.2.jar
7f0b92e47000-7f0b92e4a000 r--s 0001b000 08:01 1968768                    /home/mint/.m2/repository/net/minidev/json-smart/2.3/json-smart-2.3.jar
7f0b92e4a000-7f0b92e50000 r--s 00031000 08:01 1968766                    /home/mint/.m2/repository/com/jayway/jsonpath/json-path/2.4.0/json-path-2.4.0.jar
7f0b92e50000-7f0b92e57000 r--s 00020000 08:01 2271871                    /home/mint/.m2/repository/org/springframework/boot/spring-boot-test-autoconfigure/2.0.6.RELEASE/spring-boot-test-autoconfigure-2.0.6.RELEASE.jar
7f0b92e57000-7f0b92e5c000 r--s 0002b000 08:01 2133127                    /home/mint/.m2/repository/org/springframework/boot/spring-boot-test/2.0.6.RELEASE/spring-boot-test-2.0.6.RELEASE.jar
7f0b92e5c000-7f0b92e5d000 r--s 00000000 08:01 1997103                    /home/mint/.m2/repository/org/springframework/boot/spring-boot-starter-test/2.0.6.RELEASE/spring-boot-starter-test-2.0.6.RELEASE.jar
7f0b92e5d000-7f0b92e60000 r--s 0000e000 08:01 1968461                    /home/mint/.m2/repository/com/fasterxml/jackson/core/jackson-annotations/2.9.0/jackson-annotations-2.9.0.jar
7f0b92e60000-7f0b92e62000 r--s 00002000 08:01 1877013                    /home/mint/.m2/repository/org/atteo/evo-inflector/1.2.2/evo-inflector-1.2.2.jar
7f0b92e62000-7f0b92e63000 r--s 00004000 08:01 2625356                    /home/mint/.m2/repository/org/springframework/plugin/spring-plugin-core/1.2.0.RELEASE/spring-plugin-core-1.2.0.RELEASE.jar
7f0b92e63000-7f0b92e68000 r--s 0002f000 08:01 1877011                    /home/mint/.m2/repository/org/springframework/hateoas/spring-hateoas/0.25.0.RELEASE/spring-hateoas-0.25.0.RELEASE.jar
7f0b92e68000-7f0b92e6d000 r--s 0001d000 08:01 2758115                    /home/mint/.m2/repository/org/springframework/data/spring-data-rest-core/3.0.11.RELEASE/spring-data-rest-core-3.0.11.RELEASE.jar
7f0b92e6d000-7f0b92e75000 r--s 0004b000 08:01 2758112                    /home/mint/.m2/repository/org/springframework/data/spring-data-rest-webmvc/3.0.11.RELEASE/spring-data-rest-webmvc-3.0.11.RELEASE.jar
7f0b92e75000-7f0b92e7a000 r--s 00012000 08:01 1968662                    /home/mint/.m2/repository/javax/validation/validation-api/2.0.1.Final/validation-api-2.0.1.Final.jar
7f0b92e7a000-7f0b92e97000 r--s 000fe000 08:01 1968660                    /home/mint/.m2/repository/org/hibernate/validator/hibernate-validator/6.0.13.Final/hibernate-validator-6.0.13.Final.jar
7f0b92e97000-7f0b92e9c000 r--s 0003a000 08:01 2625516                    /home/mint/.m2/repository/org/apache/tomcat/embed/tomcat-embed-websocket/8.5.34/tomcat-embed-websocket-8.5.34.jar
7f0b92e9c000-7f0b92ea1000 r--s 00038000 08:01 2625386                    /home/mint/.m2/repository/org/apache/tomcat/embed/tomcat-embed-el/8.5.34/tomcat-embed-el-8.5.34.jar
7f0b92ea1000-7f0b92ecb000 r--s 002d5000 08:01 2625514                    /home/mint/.m2/repository/org/apache/tomcat/embed/tomcat-embed-core/8.5.34/tomcat-embed-core-8.5.34.jar
7f0b92ecb000-7f0b92ecc000 r--s 00000000 08:01 2758109                    /home/mint/.m2/repository/org/springframework/boot/spring-boot-starter-tomcat/2.0.6.RELEASE/spring-boot-starter-tomcat-2.0.6.RELEASE.jar
7f0b92ecc000-7f0b92ecd000 r--s 00000000 08:01 1877055                    /home/mint/.m2/repository/org/springframework/boot/spring-boot-starter-web/2.0.6.RELEASE/spring-boot-starter-web-2.0.6.RELEASE.jar
7f0b92ecd000-7f0b92ecf000 r--s 00001000 08:01 1968496                    /home/mint/.m2/repository/com/fasterxml/jackson/module/jackson-module-parameter-names/2.9.7/jackson-module-parameter-names-2.9.7.jar
7f0b92ecf000-7f0b92ed2000 r--s 00016000 08:01 1968481                    /home/mint/.m2/repository/com/fasterxml/jackson/datatype/jackson-datatype-jsr310/2.9.7/jackson-datatype-jsr310-2.9.7.jar
7f0b92ed2000-7f0b92ed4000 r--s 00007000 08:01 1968471                    /home/mint/.m2/repository/com/fasterxml/jackson/datatype/jackson-datatype-jdk8/2.9.7/jackson-datatype-jdk8-2.9.7.jar
7f0b92ed4000-7f0b92ed8000 r--s 0004c000 08:01 1968467                    /home/mint/.m2/repository/com/fasterxml/jackson/core/jackson-core/2.9.7/jackson-core-2.9.7.jar
7f0b92ed8000-7f0b92eeb000 r--s 00137000 08:01 1968457                    /home/mint/.m2/repository/com/fasterxml/jackson/core/jackson-databind/2.9.7/jackson-databind-2.9.7.jar
7f0b92eeb000-7f0b92eec000 r--s 00000000 08:01 2758097                    /home/mint/.m2/repository/org/springframework/boot/spring-boot-starter-json/2.0.6.RELEASE/spring-boot-starter-json-2.0.6.RELEASE.jar
7f0b92eec000-7f0b92ef1000 r--s 00040000 08:01 2636881                    /home/mint/.m2/repository/org/springframework/spring-expression/5.0.10.RELEASE/spring-expression-5.0.10.RELEASE.jar
7f0b92ef1000-7f0b92ef3000 r--s 00004000 08:01 2133125                    /home/mint/.m2/repository/org/springframework/spring-jcl/5.0.10.RELEASE/spring-jcl-5.0.10.RELEASE.jar
7f0b92ef3000-7f0b92f0b000 r--s 00115000 08:01 2133123                    /home/mint/.m2/repository/org/springframework/spring-core/5.0.10.RELEASE/spring-core-5.0.10.RELEASE.jar
7f0b92f0b000-7f0b92f18000 r--s 00095000 08:01 2517022                    /home/mint/.m2/repository/org/springframework/spring-beans/5.0.10.RELEASE/spring-beans-5.0.10.RELEASE.jar
7f0b92f18000-7f0b92f21000 r--s 00051000 08:01 2398340                    /home/mint/.m2/repository/org/springframework/spring-aop/5.0.10.RELEASE/spring-aop-5.0.10.RELEASE.jar
7f0b92f21000-7f0b92f3b000 r--s 000f1000 08:01 2271869                    /home/mint/.m2/repository/org/springframework/spring-context/5.0.10.RELEASE/spring-context-5.0.10.RELEASE.jar
7f0b92f3b000-7f0b92f3d000 r--s 0000a000 08:01 2758094                    /home/mint/.m2/repository/org/springframework/spring-aspects/5.0.10.RELEASE/spring-aspects-5.0.10.RELEASE.jar
7f0b92f3d000-7f0b92f3f000 r--s 00009000 08:01 1968728                    /home/mint/.m2/repository/org/slf4j/slf4j-api/1.7.25/slf4j-api-1.7.25.jar
7f0b92f3f000-7f0b92f47000 r--s 00037000 08:01 2758092                    /home/mint/.m2/repository/org/springframework/spring-tx/5.0.10.RELEASE/spring-tx-5.0.10.RELEASE.jar
7f0b92f47000-7f0b92f4b000 r--s 0002b000 08:01 2758078                    /home/mint/.m2/repository/org/springframework/spring-orm/5.0.10.RELEASE/spring-orm-5.0.10.RELEASE.jar
7f0b92f4b000-7f0b92f63000 r--s 000f2000 08:01 2758075                    /home/mint/.m2/repository/org/springframework/data/spring-data-commons/2.0.11.RELEASE/spring-data-commons-2.0.11.RELEASE.jar
7f0b92f63000-7f0b92f6b000 r--s 0004c000 08:01 2758073                    /home/mint/.m2/repository/org/springframework/data/spring-data-jpa/2.0.11.RELEASE/spring-data-jpa-2.0.11.RELEASE.jar
7f0b92f6b000-7f0b92f6e000 r--s 00010000 08:01 2758070                    /home/mint/.m2/repository/org/hibernate/common/hibernate-commons-annotations/5.0.1.Final/hibernate-commons-annotations-5.0.1.Final.jar
7f0b92f6e000-7f0b92f73000 r--s 00048000 08:01 1877051                    /home/mint/.m2/repository/dom4j/dom4j/1.6.1/dom4j-1.6.1.jar
7f0b92f73000-7f0b92f75000 r--s 0000e000 08:01 1969382                    /home/mint/.m2/repository/com/fasterxml/classmate/1.3.4/classmate-1.3.4.jar
7f0b92f75000-7f0b92f78000 r--s 0002b000 08:01 2758062                    /home/mint/.m2/repository/org/jboss/jandex/2.0.3.Final/jandex-2.0.3.Final.jar
7f0b92f78000-7f0b92f7d000 r--s 00068000 08:01 1969055                    /home/mint/.m2/repository/antlr/antlr/2.7.7/antlr-2.7.7.jar
7f0b92f7d000-7f0b92f87000 r--s 000ab000 08:01 2758059                    /home/mint/.m2/repository/org/javassist/javassist/3.22.0-GA/javassist-3.22.0-GA.jar
7f0b92f87000-7f0b92f8c000 r--s 00017000 08:01 2758052                    /home/mint/.m2/repository/org/hibernate/javax/persistence/hibernate-jpa-2.1-api/1.0.2.Final/hibernate-jpa-2.1-api-1.0.2.Final.jar
7f0b92f8c000-7f0b92f8e000 r--s 0000f000 08:01 1968664                    /home/mint/.m2/repository/org/jboss/logging/jboss-logging/3.3.2.Final/jboss-logging-3.3.2.Final.jar
7f0b92f8e000-7f0b9300c000 r--s 005f0000 08:01 2758044                    /home/mint/.m2/repository/org/hibernate/hibernate-core/5.2.17.Final/hibernate-core-5.2.17.Final.jar
7f0b9300c000-7f0b9300e000 r--s 00006000 08:01 2758041                    /home/mint/.m2/repository/javax/transaction/javax.transaction-api/1.2/javax.transaction-api-1.2.jar
7f0b9300e000-7f0b93017000 r--s 00059000 08:01 2758039                    /home/mint/.m2/repository/org/springframework/spring-jdbc/5.0.10.RELEASE/spring-jdbc-5.0.10.RELEASE.jar
7f0b93017000-7f0b9301b000 r--s 00020000 08:01 2758026                    /home/mint/.m2/repository/com/zaxxer/HikariCP/2.7.9/HikariCP-2.7.9.jar
7f0b9301b000-7f0b9301c000 ---p 00000000 00:00 0 
7f0b9301c000-7f0b9311c000 rw-p 00000000 00:00 0 
7f0b9311c000-7f0b9311f000 ---p 00000000 00:00 0 
7f0b9311f000-7f0b9321d000 rw-p 00000000 00:00 0 
7f0b9321d000-7f0b93220000 ---p 00000000 00:00 0 
7f0b93220000-7f0b9331e000 rw-p 00000000 00:00 0 
7f0b9331e000-7f0b93321000 ---p 00000000 00:00 0 
7f0b93321000-7f0b9341f000 rw-p 00000000 00:00 0 
7f0b9341f000-7f0b93422000 ---p 00000000 00:00 0 
7f0b93422000-7f0b93520000 rw-p 00000000 00:00 0 
7f0b93520000-7f0b93523000 ---p 00000000 00:00 0 
7f0b93523000-7f0b93621000 rw-p 00000000 00:00 0 
7f0b93621000-7f0b938f9000 r--p 00000000 08:01 10995                      /usr/lib/locale/locale-archive
7f0b938f9000-7f0b938fc000 ---p 00000000 00:00 0 
7f0b938fc000-7f0b939fa000 rw-p 00000000 00:00 0 
7f0b939fa000-7f0b939fd000 ---p 00000000 00:00 0 
7f0b939fd000-7f0b93afb000 rw-p 00000000 00:00 0 
7f0b93afb000-7f0b93afc000 ---p 00000000 00:00 0 
7f0b93afc000-7f0b94000000 rw-p 00000000 00:00 0 
7f0b94000000-7f0b94021000 rw-p 00000000 00:00 0 
7f0b94021000-7f0b98000000 ---p 00000000 00:00 0 
7f0b98000000-7f0b98001000 r--s 00000000 08:01 1877053                    /home/mint/.m2/repository/org/springframework/boot/spring-boot-starter-data-rest/2.0.6.RELEASE/spring-boot-starter-data-rest-2.0.6.RELEASE.jar
7f0b98001000-7f0b98002000 r--s 00000000 08:01 2758023                    /home/mint/.m2/repository/org/springframework/boot/spring-boot-starter-jdbc/2.0.6.RELEASE/spring-boot-starter-jdbc-2.0.6.RELEASE.jar
7f0b98002000-7f0b9801b000 r--s 001bf000 08:01 2758019                    /home/mint/.m2/repository/org/aspectj/aspectjweaver/1.8.13/aspectjweaver-1.8.13.jar
7f0b9801b000-7f0b9801c000 r--s 00000000 08:01 2758003                    /home/mint/.m2/repository/org/springframework/boot/spring-boot-starter-aop/2.0.6.RELEASE/spring-boot-starter-aop-2.0.6.RELEASE.jar
7f0b9801c000-7f0b98023000 r--s 00042000 08:01 2126699                    /home/mint/.m2/repository/org/yaml/snakeyaml/1.19/snakeyaml-1.19.jar
7f0b98023000-7f0b98025000 r--s 00005000 08:01 1968298                    /home/mint/.m2/repository/javax/annotation/javax.annotation-api/1.3.2/javax.annotation-api-1.3.2.jar
7f0b98025000-7f0b98027000 r--s 00000000 08:01 1863164                    /home/mint/.m2/repository/org/slf4j/jul-to-slf4j/1.7.25/jul-to-slf4j-1.7.25.jar
7f0b98027000-7f0b9802d000 r--s 00039000 08:01 2636878                    /home/mint/.m2/repository/org/apache/logging/log4j/log4j-api/2.10.0/log4j-api-2.10.0.jar
7f0b9802d000-7f0b9802f000 r--s 00003000 08:01 2386139                    /home/mint/.m2/repository/org/apache/logging/log4j/log4j-to-slf4j/2.10.0/log4j-to-slf4j-2.10.0.jar
7f0b9802f000-7f0b9803a000 r--s 00069000 08:01 1863158                    /home/mint/.m2/repository/ch/qos/logback/logback-core/1.2.3/logback-core-1.2.3.jar
7f0b9803a000-7f0b98040000 r--s 00041000 08:01 1863156                    /home/mint/.m2/repository/ch/qos/logback/logback-classic/1.2.3/logback-classic-1.2.3.jar
7f0b98040000-7f0b98041000 r--s 00000000 08:01 1877049                    /home/mint/.m2/repository/org/springframework/boot/spring-boot-starter-logging/2.0.6.RELEASE/spring-boot-starter-logging-2.0.6.RELEASE.jar
7f0b98041000-7f0b98062000 r--s 000ff000 08:01 2758000                    /home/mint/.m2/repository/org/springframework/boot/spring-boot-autoconfigure/2.0.6.RELEASE/spring-boot-autoconfigure-2.0.6.RELEASE.jar
7f0b98062000-7f0b98077000 r--s 000d1000 08:01 2133121                    /home/mint/.m2/repository/org/springframework/boot/spring-boot/2.0.6.RELEASE/spring-boot-2.0.6.RELEASE.jar
7f0b98077000-7f0b98078000 r--s 00000000 08:01 1877047                    /home/mint/.m2/repository/org/springframework/boot/spring-boot-starter/2.0.6.RELEASE/spring-boot-starter-2.0.6.RELEASE.jar
7f0b98078000-7f0b9807a000 r--s 00004000 08:01 1967720                    /home/mint/.m2/repository/org/codehaus/plexus/plexus-compiler-javac/2.8.4/plexus-compiler-javac-2.8.4.jar
7f0b9807a000-7f0b9807c000 r--s 00000000 08:01 1967718                    /home/mint/.m2/repository/org/codehaus/plexus/plexus-compiler-manager/2.8.4/plexus-compiler-manager-2.8.4.jar
7f0b9807c000-7f0b9807e000 r--s 00005000 08:01 1967716                    /home/mint/.m2/repository/org/codehaus/plexus/plexus-compiler-api/2.8.4/plexus-compiler-api-2.8.4.jar
7f0b9807e000-7f0b98085000 r--s 00047000 08:01 1969266                    /home/mint/.m2/repository/com/thoughtworks/qdox/qdox/2.0-M8/qdox-2.0-M8.jar
7f0b98085000-7f0b98087000 r--s 0001a000 08:01 1967712                    /home/mint/.m2/repository/org/ow2/asm/asm/6.2/asm-6.2.jar
7f0b98087000-7f0b98089000 r--s 00008000 08:01 1967710                    /home/mint/.m2/repository/org/codehaus/plexus/plexus-java/0.9.10/plexus-java-0.9.10.jar
7f0b98089000-7f0b9808b000 r--s 00002000 08:01 1967708                    /home/mint/.m2/repository/org/apache/maven/shared/maven-shared-incremental/1.1/maven-shared-incremental-1.1.jar
7f0b9808b000-7f0b9808f000 r--s 0002f000 08:01 1967706                    /home/mint/.m2/repository/commons-io/commons-io/2.5/commons-io-2.5.jar
7f0b9808f000-7f0b98092000 r--s 00026000 08:01 1967704                    /home/mint/.m2/repository/org/apache/maven/shared/maven-shared-utils/3.2.1/maven-shared-utils-3.2.1.jar
7f0b98092000-7f0b98094000 r--s 00002000 08:01 1967702                    /home/mint/.m2/repository/org/sonatype/plexus/plexus-cipher/1.4/plexus-cipher-1.4.jar
7f0b98094000-7f0b98096000 r--s 00000000 08:01 2625825                    /home/mint/.m2/repository/org/codehaus/plexus/plexus-component-annotations/1.5.5/plexus-component-annotations-1.5.5.jar
7f0b98096000-7f0b98098000 r--s 0000a000 08:01 1967676                    /home/mint/.m2/repository/org/codehaus/plexus/plexus-classworlds/2.2.3/plexus-classworlds-2.2.3.jar
7f0b98098000-7f0b9809a000 r--s 0000d000 08:01 1967613                    /home/mint/.m2/repository/org/codehaus/plexus/plexus-interpolation/1.14/plexus-interpolation-1.14.jar
7f0b9809a000-7f0b9809e000 r--s 00017000 08:01 1967590                    /home/mint/.m2/repository/org/sonatype/aether/aether-util/1.7/aether-util-1.7.jar
7f0b9809e000-7f0b980a2000 r--s 0000f000 08:01 1967572                    /home/mint/.m2/repository/org/sonatype/aether/aether-api/1.7/aether-api-1.7.jar
7f0b980a2000-7f0b980a4000 r--s 00002000 08:01 1967569                    /home/mint/.m2/repository/org/sonatype/aether/aether-spi/1.7/aether-spi-1.7.jar
7f0b980a4000-7f0b980a6000 r--s 00018000 08:01 1967567                    /home/mint/.m2/repository/org/sonatype/aether/aether-impl/1.7/aether-impl-1.7.jar
7f0b980a6000-7f0b980a8000 r--s 0000b000 08:01 1967556                    /home/mint/.m2/repository/org/apache/maven/maven-aether-provider/3.0/maven-aether-provider-3.0.jar
7f0b980a8000-7f0b980ad000 r--s 00020000 08:01 1967506                    /home/mint/.m2/repository/org/apache/maven/maven-model-builder/3.0/maven-model-builder-3.0.jar
7f0b980ad000-7f0b980af000 r--s 00006000 08:01 1967504                    /home/mint/.m2/repository/org/apache/maven/maven-repository-metadata/3.0/maven-repository-metadata-3.0.jar
7f0b980af000-7f0b980b1000 r--s 00008000 08:01 1967502                    /home/mint/.m2/repository/org/apache/maven/maven-settings-builder/3.0/maven-settings-builder-3.0.jar
7f0b980b1000-7f0b980b3000 r--s 0000a000 08:01 1967500                    /home/mint/.m2/repository/org/apache/maven/maven-settings/3.0/maven-settings-3.0.jar
7f0b980b3000-7f0b980be000 r--s 00076000 08:01 1967498                    /home/mint/.m2/repository/org/apache/maven/maven-core/3.0/maven-core-3.0.jar
7f0b980be000-7f0b980c2000 r--s 00033000 08:01 1967496                    /home/mint/.m2/repository/org/codehaus/plexus/plexus-utils/2.0.4/plexus-utils-2.0.4.jar
7f0b980c2000-7f0b980c4000 r--s 0000b000 08:01 1967494                    /home/mint/.m2/repository/org/apache/maven/maven-artifact/3.0/maven-artifact-3.0.jar
7f0b980c4000-7f0b980cf000 r--s 00069000 08:01 1967492                    /home/mint/.m2/repository/org/sonatype/sisu/sisu-guice/2.1.7/sisu-guice-2.1.7-noaop.jar
7f0b980cf000-7f0b980d4000 r--s 00021000 08:01 1967490                    /home/mint/.m2/repository/org/sonatype/sisu/sisu-inject-bean/1.4.2/sisu-inject-bean-1.4.2.jar
7f0b980d4000-7f0b9d000000 rw-p 00000000 00:00 0 
7f0b9d000000-7f0b9db90000 rwxp 00000000 00:00 0 
7f0b9db90000-7f0bac000000 ---p 00000000 00:00 0 
7f0bac000000-7f0bacea8000 rw-p 00000000 00:00 0 
7f0bacea8000-7f0bb0000000 ---p 00000000 00:00 0 
7f0bb0000000-7f0bb0001000 r--s 00000000 08:01 1997101                    /home/mint/.m2/repository/org/springframework/boot/spring-boot-starter-data-jpa/2.0.6.RELEASE/spring-boot-starter-data-jpa-2.0.6.RELEASE.jar
7f0bb0001000-7f0bb0007000 r--s 0002c000 08:01 1967488                    /home/mint/.m2/repository/org/sonatype/sisu/sisu-inject-plexus/1.4.2/sisu-inject-plexus-1.4.2.jar
7f0bb0007000-7f0bb000a000 r--s 00026000 08:01 1967486                    /home/mint/.m2/repository/org/apache/maven/maven-model/3.0/maven-model-3.0.jar
7f0bb000a000-7f0bb000c000 r--s 0000a000 08:01 1967484                    /home/mint/.m2/repository/org/apache/maven/maven-plugin-api/3.0/maven-plugin-api-3.0.jar
7f0bb000c000-7f0bb0011000 r--s 00084000 08:01 595643                     /opt/java/jdk1.8.0_172/jre/lib/jfr.jar
7f0bb0011000-7f0bb04c7000 rw-p 00000000 00:00 0 
7f0bb04c7000-7f0bb06a1000 r--s 03d6a000 08:01 595694                     /opt/java/jdk1.8.0_172/jre/lib/rt.jar
7f0bb06a1000-7f0bb0ae5000 rw-p 00000000 00:00 0 
7f0bb0ae5000-7f0bb0ae6000 ---p 00000000 00:00 0 
7f0bb0ae6000-7f0bb0be6000 rw-p 00000000 00:00 0 
7f0bb0be6000-7f0bb0be7000 ---p 00000000 00:00 0 
7f0bb0be7000-7f0bb0ce7000 rw-p 00000000 00:00 0 
7f0bb0ce7000-7f0bb0ce8000 ---p 00000000 00:00 0 
7f0bb0ce8000-7f0bb0de8000 rw-p 00000000 00:00 0 
7f0bb0de8000-7f0bb0de9000 ---p 00000000 00:00 0 
7f0bb0de9000-7f0bb0ee9000 rw-p 00000000 00:00 0 
7f0bb0ee9000-7f0bb0eea000 ---p 00000000 00:00 0 
7f0bb0eea000-7f0bb1002000 rw-p 00000000 00:00 0 
7f0bb1002000-7f0bb1274000 ---p 00000000 00:00 0 
7f0bb1274000-7f0bb128c000 rw-p 00000000 00:00 0 
7f0bb128c000-7f0bb14fd000 ---p 00000000 00:00 0 
7f0bb14fd000-7f0bb1579000 rw-p 00000000 00:00 0 
7f0bb1579000-7f0bb1642000 ---p 00000000 00:00 0 
7f0bb1642000-7f0bb1672000 rw-p 00000000 00:00 0 
7f0bb1672000-7f0bb1a03000 ---p 00000000 00:00 0 
7f0bb1a03000-7f0bb1a1e000 r-xp 00000000 08:01 595861                     /opt/java/jdk1.8.0_172/jre/lib/amd64/libzip.so
7f0bb1a1e000-7f0bb1c1e000 ---p 0001b000 08:01 595861                     /opt/java/jdk1.8.0_172/jre/lib/amd64/libzip.so
7f0bb1c1e000-7f0bb1c1f000 rw-p 0001b000 08:01 595861                     /opt/java/jdk1.8.0_172/jre/lib/amd64/libzip.so
7f0bb1c1f000-7f0bb1c2a000 r-xp 00000000 08:01 399694                     /lib/x86_64-linux-gnu/libnss_files-2.23.so
7f0bb1c2a000-7f0bb1e29000 ---p 0000b000 08:01 399694                     /lib/x86_64-linux-gnu/libnss_files-2.23.so
7f0bb1e29000-7f0bb1e2a000 r--p 0000a000 08:01 399694                     /lib/x86_64-linux-gnu/libnss_files-2.23.so
7f0bb1e2a000-7f0bb1e2b000 rw-p 0000b000 08:01 399694                     /lib/x86_64-linux-gnu/libnss_files-2.23.so
7f0bb1e2b000-7f0bb1e31000 rw-p 00000000 00:00 0 
7f0bb1e31000-7f0bb1e3c000 r-xp 00000000 08:01 399704                     /lib/x86_64-linux-gnu/libnss_nis-2.23.so
7f0bb1e3c000-7f0bb203b000 ---p 0000b000 08:01 399704                     /lib/x86_64-linux-gnu/libnss_nis-2.23.so
7f0bb203b000-7f0bb203c000 r--p 0000a000 08:01 399704                     /lib/x86_64-linux-gnu/libnss_nis-2.23.so
7f0bb203c000-7f0bb203d000 rw-p 0000b000 08:01 399704                     /lib/x86_64-linux-gnu/libnss_nis-2.23.so
7f0bb203d000-7f0bb2053000 r-xp 00000000 08:01 399688                     /lib/x86_64-linux-gnu/libnsl-2.23.so
7f0bb2053000-7f0bb2252000 ---p 00016000 08:01 399688                     /lib/x86_64-linux-gnu/libnsl-2.23.so
7f0bb2252000-7f0bb2253000 r--p 00015000 08:01 399688                     /lib/x86_64-linux-gnu/libnsl-2.23.so
7f0bb2253000-7f0bb2254000 rw-p 00016000 08:01 399688                     /lib/x86_64-linux-gnu/libnsl-2.23.so
7f0bb2254000-7f0bb2256000 rw-p 00000000 00:00 0 
7f0bb2256000-7f0bb225e000 r-xp 00000000 08:01 399690                     /lib/x86_64-linux-gnu/libnss_compat-2.23.so
7f0bb225e000-7f0bb245d000 ---p 00008000 08:01 399690                     /lib/x86_64-linux-gnu/libnss_compat-2.23.so
7f0bb245d000-7f0bb245e000 r--p 00007000 08:01 399690                     /lib/x86_64-linux-gnu/libnss_compat-2.23.so
7f0bb245e000-7f0bb245f000 rw-p 00008000 08:01 399690                     /lib/x86_64-linux-gnu/libnss_compat-2.23.so
7f0bb245f000-7f0bb248a000 r-xp 00000000 08:01 595855                     /opt/java/jdk1.8.0_172/jre/lib/amd64/libjava.so
7f0bb248a000-7f0bb2689000 ---p 0002b000 08:01 595855                     /opt/java/jdk1.8.0_172/jre/lib/amd64/libjava.so
7f0bb2689000-7f0bb268b000 rw-p 0002a000 08:01 595855                     /opt/java/jdk1.8.0_172/jre/lib/amd64/libjava.so
7f0bb268b000-7f0bb2698000 r-xp 00000000 08:01 595860                     /opt/java/jdk1.8.0_172/jre/lib/amd64/libverify.so
7f0bb2698000-7f0bb2898000 ---p 0000d000 08:01 595860                     /opt/java/jdk1.8.0_172/jre/lib/amd64/libverify.so
7f0bb2898000-7f0bb289a000 rw-p 0000d000 08:01 595860                     /opt/java/jdk1.8.0_172/jre/lib/amd64/libverify.so
7f0bb289a000-7f0bb28a1000 r-xp 00000000 08:01 399749                     /lib/x86_64-linux-gnu/librt-2.23.so
7f0bb28a1000-7f0bb2aa0000 ---p 00007000 08:01 399749                     /lib/x86_64-linux-gnu/librt-2.23.so
7f0bb2aa0000-7f0bb2aa1000 r--p 00006000 08:01 399749                     /lib/x86_64-linux-gnu/librt-2.23.so
7f0bb2aa1000-7f0bb2aa2000 rw-p 00007000 08:01 399749                     /lib/x86_64-linux-gnu/librt-2.23.so
7f0bb2aa2000-7f0bb2baa000 r-xp 00000000 08:01 399665                     /lib/x86_64-linux-gnu/libm-2.23.so
7f0bb2baa000-7f0bb2da9000 ---p 00108000 08:01 399665                     /lib/x86_64-linux-gnu/libm-2.23.so
7f0bb2da9000-7f0bb2daa000 r--p 00107000 08:01 399665                     /lib/x86_64-linux-gnu/libm-2.23.so
7f0bb2daa000-7f0bb2dab000 rw-p 00108000 08:01 399665                     /lib/x86_64-linux-gnu/libm-2.23.so
7f0bb2dab000-7f0bb3a87000 r-xp 00000000 08:01 595837                     /opt/java/jdk1.8.0_172/jre/lib/amd64/server/libjvm.so
7f0bb3a87000-7f0bb3c87000 ---p 00cdc000 08:01 595837                     /opt/java/jdk1.8.0_172/jre/lib/amd64/server/libjvm.so
7f0bb3c87000-7f0bb3d61000 rw-p 00cdc000 08:01 595837                     /opt/java/jdk1.8.0_172/jre/lib/amd64/server/libjvm.so
7f0bb3d61000-7f0bb3dac000 rw-p 00000000 00:00 0 
7f0bb3dac000-7f0bb3f6c000 r-xp 00000000 08:01 399595                     /lib/x86_64-linux-gnu/libc-2.23.so
7f0bb3f6c000-7f0bb416c000 ---p 001c0000 08:01 399595                     /lib/x86_64-linux-gnu/libc-2.23.so
7f0bb416c000-7f0bb4170000 r--p 001c0000 08:01 399595                     /lib/x86_64-linux-gnu/libc-2.23.so
7f0bb4170000-7f0bb4172000 rw-p 001c4000 08:01 399595                     /lib/x86_64-linux-gnu/libc-2.23.so
7f0bb4172000-7f0bb4176000 rw-p 00000000 00:00 0 
7f0bb4176000-7f0bb4179000 r-xp 00000000 08:01 399619                     /lib/x86_64-linux-gnu/libdl-2.23.so
7f0bb4179000-7f0bb4378000 ---p 00003000 08:01 399619                     /lib/x86_64-linux-gnu/libdl-2.23.so
7f0bb4378000-7f0bb4379000 r--p 00002000 08:01 399619                     /lib/x86_64-linux-gnu/libdl-2.23.so
7f0bb4379000-7f0bb437a000 rw-p 00003000 08:01 399619                     /lib/x86_64-linux-gnu/libdl-2.23.so
7f0bb437a000-7f0bb4390000 r-xp 00000000 08:01 595564                     /opt/java/jdk1.8.0_172/lib/amd64/jli/libjli.so
7f0bb4390000-7f0bb458f000 ---p 00016000 08:01 595564                     /opt/java/jdk1.8.0_172/lib/amd64/jli/libjli.so
7f0bb458f000-7f0bb4590000 rw-p 00015000 08:01 595564                     /opt/java/jdk1.8.0_172/lib/amd64/jli/libjli.so
7f0bb4590000-7f0bb45a8000 r-xp 00000000 08:01 399741                     /lib/x86_64-linux-gnu/libpthread-2.23.so
7f0bb45a8000-7f0bb47a7000 ---p 00018000 08:01 399741                     /lib/x86_64-linux-gnu/libpthread-2.23.so
7f0bb47a7000-7f0bb47a8000 r--p 00017000 08:01 399741                     /lib/x86_64-linux-gnu/libpthread-2.23.so
7f0bb47a8000-7f0bb47a9000 rw-p 00018000 08:01 399741                     /lib/x86_64-linux-gnu/libpthread-2.23.so
7f0bb47a9000-7f0bb47ad000 rw-p 00000000 00:00 0 
7f0bb47ad000-7f0bb47d3000 r-xp 00000000 08:01 399567                     /lib/x86_64-linux-gnu/ld-2.23.so
7f0bb47d3000-7f0bb47d5000 r--s 0000e000 08:01 1966740                    /home/mint/.m2/repository/org/apache/maven/plugins/maven-compiler-plugin/3.8.0/maven-compiler-plugin-3.8.0.jar
7f0bb47d5000-7f0bb47e8000 r--s 00345000 08:01 595729                     /opt/java/jdk1.8.0_172/jre/lib/resources.jar
7f0bb47e8000-7f0bb48b3000 rw-p 00000000 00:00 0 
7f0bb48b3000-7f0bb48b6000 ---p 00000000 00:00 0 
7f0bb48b6000-7f0bb49b8000 rw-p 00000000 00:00 0 
7f0bb49b8000-7f0bb49b9000 r--s 00006000 08:01 1967700                    /home/mint/.m2/repository/org/sonatype/plexus/plexus-sec-dispatcher/1.3/plexus-sec-dispatcher-1.3.jar
7f0bb49b9000-7f0bb49be000 r--s 002f9000 08:01 595692                     /opt/java/jdk1.8.0_172/jre/lib/charsets.jar
7f0bb49be000-7f0bb49c1000 r--s 0001a000 08:01 595881                     /opt/java/jdk1.8.0_172/jre/lib/jce.jar
7f0bb49c1000-7f0bb49c6000 r--s 0009d000 08:01 595743                     /opt/java/jdk1.8.0_172/jre/lib/jsse.jar
7f0bb49c6000-7f0bb49ce000 rw-s 00000000 08:01 824153                     /tmp/hsperfdata_mint/9522
7f0bb49ce000-7f0bb49cf000 rw-p 00000000 00:00 0 
7f0bb49cf000-7f0bb49d0000 ---p 00000000 00:00 0 
7f0bb49d0000-7f0bb49d2000 rw-p 00000000 00:00 0 
7f0bb49d2000-7f0bb49d3000 r--p 00025000 08:01 399567                     /lib/x86_64-linux-gnu/ld-2.23.so
7f0bb49d3000-7f0bb49d4000 rw-p 00026000 08:01 399567                     /lib/x86_64-linux-gnu/ld-2.23.so
7f0bb49d4000-7f0bb49d5000 rw-p 00000000 00:00 0 
7ffdedd3e000-7ffdedd62000 rw-p 00000000 00:00 0                          [stack]
7ffdedda4000-7ffdedda6000 r--p 00000000 00:00 0                          [vvar]
7ffdedda6000-7ffdedda8000 r-xp 00000000 00:00 0                          [vdso]
ffffffffff600000-ffffffffff601000 r-xp 00000000 00:00 0                  [vsyscall]

VM Arguments:
jvm_args: -Dfile.encoding=UTF-8 
java_command: com.canada.provisions.main.CartrackerApplication
java_class_path (initial): /opt/java/jdk1.8.0_172/jre/lib/resources.jar:/opt/java/jdk1.8.0_172/jre/lib/rt.jar:/opt/java/jdk1.8.0_172/jre/lib/jsse.jar:/opt/java/jdk1.8.0_172/jre/lib/jce.jar:/opt/java/jdk1.8.0_172/jre/lib/charsets.jar:/opt/java/jdk1.8.0_172/jre/lib/jfr.jar:/opt/java/jdk1.8.0_172/jre/lib/ext/zipfs.jar:/opt/java/jdk1.8.0_172/jre/lib/ext/sunpkcs11.jar:/opt/java/jdk1.8.0_172/jre/lib/ext/cldrdata.jar:/opt/java/jdk1.8.0_172/jre/lib/ext/sunjce_provider.jar:/opt/java/jdk1.8.0_172/jre/lib/ext/sunec.jar:/opt/java/jdk1.8.0_172/jre/lib/ext/localedata.jar:/opt/java/jdk1.8.0_172/jre/lib/ext/jaccess.jar:/opt/java/jdk1.8.0_172/jre/lib/ext/jfxrt.jar:/opt/java/jdk1.8.0_172/jre/lib/ext/nashorn.jar:/opt/java/jdk1.8.0_172/jre/lib/ext/dnsns.jar:/home/mint/Desktop/RepoDesk/cartracker/restservices/target/classes:/home/mint/Desktop/RepoDesk/cartracker/core/target/classes:/home/mint/.m2/repository/org/apache/maven/plugins/maven-compiler-plugin/3.8.0/maven-compiler-plugin-3.8.0.jar:/home/mint/.m2/repository/org/apache/maven/maven-plugin-api/3.0/maven-plugin-api-3.0.jar:/home/mint/.m2/repository/org/apache/maven/maven-model/3.0/maven-model-3.0.jar:/home/mint/.m2/repository/org/sonatype/sisu/sisu-inject-plexus/1.4.2/sisu-inject-plexus-1.4.2.jar:/home/mint/.m2/repository/org/sonatype/sisu/sisu-inject-bean/1.4.2/sisu-inject-bean-1.4.2.jar:/home/mint/.m2/repository/org/sonatype/sisu/sisu-guice/2.1.7/sisu-guice-2.1.7-noaop.jar:/home/mint/.m2/repository/org/apache/maven/maven-artifact/3.0/maven-artifact-3.0.jar:/home/mint/.m2/repository/org/codehaus/plexus/plexus-utils/2.0.4/plexus-utils-2.0.4.jar:/home/mint/.m2/repository/org/apache/maven/maven-core/3.0/maven-core-3.0.jar:/home/mint/.m2/repository/org/apache/maven/maven-settings/3.0/maven-settings-3.0.jar:/home/mint/.m2/repository/org/apache/maven/maven-settings-builder/3.0/maven-settings-builder-3.0.jar:/home/mint/.m2/repository/org/apache/maven/maven-repository-metadata/3.0/maven-repository-metadata-3.0.jar:/home/mint/.m2/reposit
Launcher Type: SUN_STANDARD

Environment Variables:
JAVA_HOME=/opt/java/jdk1.8.0_172
PATH=/home/mint/bin:/home/mint/.local/bin:/usr/local/sbin:/usr/local/bin:/usr/sbin:/usr/bin:/sbin:/bin:/usr/games:/usr/local/games:/opt/apache-maven-3.5.4/bin:/opt/java/jdk1.8.0_172/bin:/home/mint/.npm-global/lib/node_modules/@angular/cli/bin:/home/mint/.npm-global/lib/node_modules/typescript/bin
SHELL=/bin/bash
DISPLAY=:0

Signal Handlers:
SIGSEGV: [libjvm.so+0xad2ab0], sa_mask[0]=11111111011111111101111111111110, sa_flags=SA_RESTART|SA_SIGINFO
SIGBUS: [libjvm.so+0xad2ab0], sa_mask[0]=11111111011111111101111111111110, sa_flags=SA_RESTART|SA_SIGINFO
SIGFPE: [libjvm.so+0x92a790], sa_mask[0]=11111111011111111101111111111110, sa_flags=SA_RESTART|SA_SIGINFO
SIGPIPE: [libjvm.so+0x92a790], sa_mask[0]=11111111011111111101111111111110, sa_flags=SA_RESTART|SA_SIGINFO
SIGXFSZ: [libjvm.so+0x92a790], sa_mask[0]=11111111011111111101111111111110, sa_flags=SA_RESTART|SA_SIGINFO
SIGILL: [libjvm.so+0x92a790], sa_mask[0]=11111111011111111101111111111110, sa_flags=SA_RESTART|SA_SIGINFO
SIGUSR1: SIG_DFL, sa_mask[0]=00000000000000000000000000000000, sa_flags=none
SIGUSR2: [libjvm.so+0x92bff0], sa_mask[0]=00100000000000000000000000000000, sa_flags=SA_RESTART|SA_SIGINFO
SIGHUP: [libjvm.so+0x92d3f0], sa_mask[0]=11111111011111111101111111111110, sa_flags=SA_RESTART|SA_SIGINFO
SIGINT: [libjvm.so+0x92d3f0], sa_mask[0]=11111111011111111101111111111110, sa_flags=SA_RESTART|SA_SIGINFO
SIGTERM: [libjvm.so+0x92d3f0], sa_mask[0]=11111111011111111101111111111110, sa_flags=SA_RESTART|SA_SIGINFO
SIGQUIT: [libjvm.so+0x92d3f0], sa_mask[0]=11111111011111111101111111111110, sa_flags=SA_RESTART|SA_SIGINFO


---------------  S Y S T E M  ---------------

OS:DISTRIB_ID=LinuxMint
DISTRIB_RELEASE=18.3
DISTRIB_CODENAME=sylvia
DISTRIB_DESCRIPTION="Linux Mint 18.3 Sylvia"

uname:Linux 4.10.0-38-generic #42~16.04.1-Ubuntu SMP Tue Oct 10 16:32:20 UTC 2017 x86_64
libc:glibc 2.23 NPTL 2.23 
rlimit: STACK 8192k, CORE 0k, NPROC 30980, NOFILE 1048576, AS infinity
load average:0.74 0.90 0.51

/proc/meminfo:
MemTotal:        7978008 kB
MemFree:          118308 kB
MemAvailable:      29660 kB
Buffers:            1532 kB
Cached:           121972 kB
SwapCached:            0 kB
Active:          7509832 kB
Inactive:          99572 kB
Active(anon):    7488560 kB
Inactive(anon):    74084 kB
Active(file):      21272 kB
Inactive(file):    25488 kB
Unevictable:          96 kB
Mlocked:              96 kB
SwapTotal:             0 kB
SwapFree:              0 kB
Dirty:               144 kB
Writeback:             0 kB
AnonPages:       7486892 kB
Mapped:           101304 kB
Shmem:             76136 kB
Slab:             119820 kB
SReclaimable:      44212 kB
SUnreclaim:        75608 kB
KernelStack:       16960 kB
PageTables:        61060 kB
NFS_Unstable:          0 kB
Bounce:                0 kB
WritebackTmp:          0 kB
CommitLimit:     3989004 kB
Committed_AS:   13666720 kB
VmallocTotal:   34359738367 kB
VmallocUsed:           0 kB
VmallocChunk:          0 kB
HardwareCorrupted:     0 kB
AnonHugePages:   4214784 kB
ShmemHugePages:        0 kB
ShmemPmdMapped:        0 kB
CmaTotal:              0 kB
CmaFree:               0 kB
HugePages_Total:       0
HugePages_Free:        0
HugePages_Rsvd:        0
HugePages_Surp:        0
Hugepagesize:       2048 kB
DirectMap4k:      165824 kB
DirectMap2M:     8026112 kB


CPU:total 5 (initial active 5) (5 cores per cpu, 1 threads per core) family 6 model 158 stepping 9, cmov, cx8, fxsr, mmx, sse, sse2, sse3, ssse3, sse4.1, sse4.2, popcnt, avx, avx2, aes, clmul, 3dnowpref, lzcnt, tsc, tscinvbit

/proc/cpuinfo:
processor	: 0
vendor_id	: GenuineIntel
cpu family	: 6
model		: 158
model name	: Intel(R) Core(TM) i7-7820HQ CPU @ 2.90GHz
stepping	: 9
cpu MHz		: 2904.002
cache size	: 8192 KB
physical id	: 0
siblings	: 5
core id		: 0
cpu cores	: 5
apicid		: 0
initial apicid	: 0
fpu		: yes
fpu_exception	: yes
cpuid level	: 22
wp		: yes
flags		: fpu vme de pse tsc msr pae mce cx8 apic sep mtrr pge mca cmov pat pse36 clflush mmx fxsr sse sse2 ht syscall nx rdtscp lm constant_tsc rep_good nopl xtopology nonstop_tsc pni pclmulqdq ssse3 cx16 pcid sse4_1 sse4_2 x2apic movbe popcnt aes xsave avx rdrand hypervisor lahf_lm abm 3dnowprefetch fsgsbase avx2 invpcid rdseed clflushopt
bugs		:
bogomips	: 5808.00
clflush size	: 64
cache_alignment	: 64
address sizes	: 39 bits physical, 48 bits virtual
power management:

processor	: 1
vendor_id	: GenuineIntel
cpu family	: 6
model		: 158
model name	: Intel(R) Core(TM) i7-7820HQ CPU @ 2.90GHz
stepping	: 9
cpu MHz		: 2904.002
cache size	: 8192 KB
physical id	: 0
siblings	: 5
core id		: 1
cpu cores	: 5
apicid		: 1
initial apicid	: 1
fpu		: yes
fpu_exception	: yes
cpuid level	: 22
wp		: yes
flags		: fpu vme de pse tsc msr pae mce cx8 apic sep mtrr pge mca cmov pat pse36 clflush mmx fxsr sse sse2 ht syscall nx rdtscp lm constant_tsc rep_good nopl xtopology nonstop_tsc pni pclmulqdq ssse3 cx16 pcid sse4_1 sse4_2 x2apic movbe popcnt aes xsave avx rdrand hypervisor lahf_lm abm 3dnowprefetch fsgsbase avx2 invpcid rdseed clflushopt
bugs		:
bogomips	: 5808.00
clflush size	: 64
cache_alignment	: 64
address sizes	: 39 bits physical, 48 bits virtual
power management:

processor	: 2
vendor_id	: GenuineIntel
cpu family	: 6
model		: 158
model name	: Intel(R) Core(TM) i7-7820HQ CPU @ 2.90GHz
stepping	: 9
cpu MHz		: 2904.002
cache size	: 8192 KB
physical id	: 0
siblings	: 5
core id		: 2
cpu cores	: 5
apicid		: 2
initial apicid	: 2
fpu		: yes
fpu_exception	: yes
cpuid level	: 22
wp		: yes
flags		: fpu vme de pse tsc msr pae mce cx8 apic sep mtrr pge mca cmov pat pse36 clflush mmx fxsr sse sse2 ht syscall nx rdtscp lm constant_tsc rep_good nopl xtopology nonstop_tsc pni pclmulqdq ssse3 cx16 pcid sse4_1 sse4_2 x2apic movbe popcnt aes xsave avx rdrand hypervisor lahf_lm abm 3dnowprefetch fsgsbase avx2 invpcid rdseed clflushopt
bugs		:
bogomips	: 5808.00
clflush size	: 64
cache_alignment	: 64
address sizes	: 39 bits physical, 48 bits virtual
power management:

processor	: 3
vendor_id	: GenuineIntel
cpu family	: 6
model		: 158
model name	: Intel(R) Core(TM) i7-7820HQ CPU @ 2.90GHz
stepping	: 9
cpu MHz		: 2904.002
cache size	: 8192 KB
physical id	: 0
siblings	: 5
core id		: 3
cpu cores	: 5
apicid		: 3
initial apicid	: 3
fpu		: yes
fpu_exception	: yes
cpuid level	: 22
wp		: yes
flags		: fpu vme de pse tsc msr pae mce cx8 apic sep mtrr pge mca cmov pat pse36 clflush mmx fxsr sse sse2 ht syscall nx rdtscp lm constant_tsc rep_good nopl xtopology nonstop_tsc pni pclmulqdq ssse3 cx16 pcid sse4_1 sse4_2 x2apic movbe popcnt aes xsave avx rdrand hypervisor lahf_lm abm 3dnowprefetch fsgsbase avx2 invpcid rdseed clflushopt
bugs		:
bogomips	: 5808.00
clflush size	: 64
cache_alignment	: 64
address sizes	: 39 bits physical, 48 bits virtual
power management:

processor	: 4
vendor_id	: GenuineIntel
cpu family	: 6
model		: 158
model name	: Intel(R) Core(TM) i7-7820HQ CPU @ 2.90GHz
stepping	: 9
cpu MHz		: 2904.002
cache size	: 8192 KB
physical id	: 0
siblings	: 5
core id		: 4
cpu cores	: 5
apicid		: 4
initial apicid	: 4
fpu		: yes
fpu_exception	: yes
cpuid level	: 22
wp		: yes
flags		: fpu vme de pse tsc msr pae mce cx8 apic sep mtrr pge mca cmov pat pse36 clflush mmx fxsr sse sse2 ht syscall nx rdtscp lm constant_tsc rep_good nopl xtopology nonstop_tsc pni pclmulqdq ssse3 cx16 pcid sse4_1 sse4_2 x2apic movbe popcnt aes xsave avx rdrand hypervisor lahf_lm abm 3dnowprefetch fsgsbase avx2 invpcid rdseed clflushopt
bugs		:
bogomips	: 5808.00
clflush size	: 64
cache_alignment	: 64
address sizes	: 39 bits physical, 48 bits virtual
power management:



Memory: 4k page, physical 7978008k(118308k free), swap 0k(0k free)

vm_info: Java HotSpot(TM) 64-Bit Server VM (25.172-b11) for linux-amd64 JRE (1.8.0_172-b11), built on Mar 28 2018 21:44:09 by "java_re" with gcc 4.3.0 20080428 (Red Hat 4.3.0-8)

time: Fri Jan 11 22:28:47 2019
elapsed time: 4 seconds (0d 0h 0m 4s)

